#
# There is insufficient memory for the Java Runtime Environment to continue.
# Native memory allocation (mmap) failed to map 262144000 bytes for G1 virtual space
# Possible reasons:
#   The system is out of physical RAM or swap space
#   The process is running with CompressedOops enabled, and the Java Heap may be blocking the growth of the native heap
# Possible solutions:
#   Reduce memory load on the system
#   Increase physical memory or swap space
#   Check if swap backing store is full
#   Decrease Java heap size (-Xmx/-Xms)
#   Decrease number of Java threads
#   Decrease Java thread stack sizes (-Xss)
#   Set larger code cache with -XX:ReservedCodeCacheSize=
#   JVM is running with Zero Based Compressed Oops mode in which the Java heap is
#     placed in the first 32GB address space. The Java Heap base address is the
#     maximum limit for the native heap growth. Please use -XX:HeapBaseMinAddress
#     to set the Java Heap base and to place the Java Heap above 32GB virtual address.
# This output file may be truncated or incomplete.
#
#  Out of Memory Error (os_windows.cpp:3528), pid=23480, tid=13724
#
# JRE version: OpenJDK Runtime Environment (20.0.1+9) (build 20.0.1+9-29)
# Java VM: OpenJDK 64-Bit Server VM (20.0.1+9-29, mixed mode, emulated-client, sharing, tiered, compressed oops, compressed class ptrs, g1 gc, windows-amd64)
# No core dump will be written. Minidumps are not enabled by default on client versions of Windows
#

---------------  S U M M A R Y ------------

Command Line: -XX:TieredStopAtLevel=1 -Dspring.output.ansi.enabled=always -Dcom.sun.management.jmxremote -Dspring.jmx.enabled=true -Dspring.liveBeansView.mbeanDomain -Dspring.application.admin.enabled=true -Dmanagement.endpoints.jmx.exposure.include=* -javaagent:E:\Program Files\JetBrains\IntelliJ IDEA 2023.1.2\lib\idea_rt.jar=62555:E:\Program Files\JetBrains\IntelliJ IDEA 2023.1.2\bin -Dfile.encoding=UTF-8 -Dsun.stdout.encoding=UTF-8 -Dsun.stderr.encoding=UTF-8 com.github.wekaito.backend.BackendApplication

Host: AMD Ryzen 7 2700 Eight-Core Processor          , 16 cores, 15G,  Windows 10 , 64 bit Build 19041 (10.0.19041.3031)
Time: Fri Aug  4 00:20:44 2023 Mitteleuropäische Sommerzeit elapsed time: 200.751454 seconds (0d 0h 3m 20s)

---------------  T H R E A D  ---------------

Current thread (0x0000029dd3c86930):  VMThread "VM Thread" [stack: 0x000000c591b00000,0x000000c591c00000] [id=13724]

Stack: [0x000000c591b00000,0x000000c591c00000]
Native frames: (J=compiled Java code, j=interpreted, Vv=VM code, C=native code)
V  [jvm.dll+0x6bb95a]
V  [jvm.dll+0x8485fa]
V  [jvm.dll+0x84a1f5]
V  [jvm.dll+0x84a8f3]
V  [jvm.dll+0x280b0f]
V  [jvm.dll+0x6b86e9]
V  [jvm.dll+0x6ad2da]
V  [jvm.dll+0x35adf5]
V  [jvm.dll+0x363016]
V  [jvm.dll+0x3b3b3e]
V  [jvm.dll+0x3b3dc5]
V  [jvm.dll+0x32b50a]
V  [jvm.dll+0x32b5b7]
V  [jvm.dll+0x373942]
V  [jvm.dll+0x372140]
V  [jvm.dll+0x32ac51]
V  [jvm.dll+0x371836]
V  [jvm.dll+0x85023e]
V  [jvm.dll+0x851351]
V  [jvm.dll+0x851859]
V  [jvm.dll+0x851ad3]
V  [jvm.dll+0x7f4b56]
V  [jvm.dll+0x6ba5cb]
C  [ucrtbase.dll+0x21bb2]
C  [KERNEL32.DLL+0x17614]
C  [ntdll.dll+0x526f1]

VM_Operation (0x000000c594bfc400): G1CollectForAllocation, mode: safepoint, requested by thread 0x0000029dd9d15080


---------------  P R O C E S S  ---------------

Threads class SMR info:
_java_thread_list=0x0000029dda24eab0, length=34, elements={
0x0000029dd3ca46a0, 0x0000029dd3ca5380, 0x0000029dd3ca8230, 0x0000029dd3caab80,
0x0000029dd3cabfa0, 0x0000029dd3caf090, 0x0000029dd3cb0710, 0x0000029dd3c71760,
0x0000029dd83fe810, 0x0000029dd8523610, 0x0000029dd871a970, 0x0000029dd8b46560,
0x0000029dd9a32070, 0x0000029dd9a325c0, 0x0000029dd9a33060, 0x0000029dd9a32b10,
0x0000029dd9d16b10, 0x0000029dd9d18af0, 0x0000029dd9d19040, 0x0000029dd9d1c560,
0x0000029dd9d1b020, 0x0000029dd9d15b20, 0x0000029dd9d155d0, 0x0000029dd9d1cab0,
0x0000029dd9d1b570, 0x0000029dd9d1bac0, 0x0000029dd9d15080, 0x0000029dd9d19ae0,
0x0000029dd9d1c010, 0x0000029dd9d16070, 0x0000029dd9d165c0, 0x0000029dd9d17060,
0x0000029dd9d175b0, 0x0000029dd9d17b00
}

Java Threads: ( => current thread )
  0x0000029dd3ca46a0 JavaThread "Reference Handler" daemon [_thread_blocked, id=27520, stack(0x000000c591c00000,0x000000c591d00000)]
  0x0000029dd3ca5380 JavaThread "Finalizer" daemon [_thread_blocked, id=16332, stack(0x000000c591d00000,0x000000c591e00000)]
  0x0000029dd3ca8230 JavaThread "Signal Dispatcher" daemon [_thread_blocked, id=24048, stack(0x000000c591e00000,0x000000c591f00000)]
  0x0000029dd3caab80 JavaThread "Attach Listener" daemon [_thread_blocked, id=15304, stack(0x000000c591f00000,0x000000c592000000)]
  0x0000029dd3cabfa0 JavaThread "Service Thread" daemon [_thread_blocked, id=30640, stack(0x000000c592000000,0x000000c592100000)]
  0x0000029dd3caf090 JavaThread "Monitor Deflation Thread" daemon [_thread_blocked, id=20320, stack(0x000000c592100000,0x000000c592200000)]
  0x0000029dd3cb0710 JavaThread "C1 CompilerThread0" daemon [_thread_blocked, id=24252, stack(0x000000c592200000,0x000000c592300000)]
  0x0000029dd3c71760 JavaThread "Common-Cleaner" daemon [_thread_blocked, id=27760, stack(0x000000c592300000,0x000000c592400000)]
  0x0000029dd83fe810 JavaThread "Monitor Ctrl-Break" daemon [_thread_in_native, id=27988, stack(0x000000c592500000,0x000000c592600000)]
  0x0000029dd8523610 JavaThread "Notification Thread" daemon [_thread_blocked, id=29728, stack(0x000000c592600000,0x000000c592700000)]
  0x0000029dd871a970 JavaThread "RMI TCP Accept-0" daemon [_thread_in_native, id=10224, stack(0x000000c592900000,0x000000c592a00000)]
  0x0000029dd8b46560 JavaThread "RMI Scheduler(0)" daemon [_thread_blocked, id=20780, stack(0x000000c593200000,0x000000c593300000)]
  0x0000029dd9a32070 JavaThread "Catalina-utility-1" [_thread_blocked, id=30452, stack(0x000000c593300000,0x000000c593400000)]
  0x0000029dd9a325c0 JavaThread "Catalina-utility-2" [_thread_blocked, id=1564, stack(0x000000c593c00000,0x000000c593d00000)]
  0x0000029dd9a33060 JavaThread "container-0" [_thread_blocked, id=20308, stack(0x000000c593e00000,0x000000c593f00000)]
  0x0000029dd9a32b10 JavaThread "BufferPoolPruner-1-thread-1" daemon [_thread_blocked, id=20008, stack(0x000000c593d00000,0x000000c593e00000)]
  0x0000029dd9d16b10 JavaThread "cluster-ClusterId{value='64cc27786562b32e1ed02048', description='null'}-localhost:27017" daemon [_thread_in_native, id=8260, stack(0x000000c593f00000,0x000000c594000000)]
  0x0000029dd9d18af0 JavaThread "cluster-rtt-ClusterId{value='64cc27786562b32e1ed02048', description='null'}-localhost:27017" daemon [_thread_blocked, id=8960, stack(0x000000c594000000,0x000000c594100000)]
  0x0000029dd9d19040 JavaThread "MaintenanceTimer-2-thread-1" daemon [_thread_blocked, id=26128, stack(0x000000c594200000,0x000000c594300000)]
  0x0000029dd9d1c560 JavaThread "boundedElastic-evictor-1" daemon [_thread_blocked, id=10236, stack(0x000000c594300000,0x000000c594400000)]
  0x0000029dd9d1b020 JavaThread "http-nio-8080-exec-1" daemon [_thread_blocked, id=24852, stack(0x000000c594500000,0x000000c594600000)]
  0x0000029dd9d15b20 JavaThread "http-nio-8080-exec-2" daemon [_thread_blocked, id=28992, stack(0x000000c594600000,0x000000c594700000)]
  0x0000029dd9d155d0 JavaThread "http-nio-8080-exec-3" daemon [_thread_blocked, id=2688, stack(0x000000c594700000,0x000000c594800000)]
  0x0000029dd9d1cab0 JavaThread "http-nio-8080-exec-4" daemon [_thread_blocked, id=29492, stack(0x000000c594800000,0x000000c594900000)]
  0x0000029dd9d1b570 JavaThread "http-nio-8080-exec-5" daemon [_thread_blocked, id=11408, stack(0x000000c594900000,0x000000c594a00000)]
  0x0000029dd9d1bac0 JavaThread "http-nio-8080-exec-6" daemon [_thread_blocked, id=26248, stack(0x000000c594a00000,0x000000c594b00000)]
  0x0000029dd9d15080 JavaThread "http-nio-8080-exec-7" daemon [_thread_blocked, id=10816, stack(0x000000c594b00000,0x000000c594c00000)]
  0x0000029dd9d19ae0 JavaThread "http-nio-8080-exec-8" daemon [_thread_blocked, id=4852, stack(0x000000c594c00000,0x000000c594d00000)]
  0x0000029dd9d1c010 JavaThread "http-nio-8080-exec-9" daemon [_thread_blocked, id=23692, stack(0x000000c594d00000,0x000000c594e00000)]
  0x0000029dd9d16070 JavaThread "http-nio-8080-exec-10" daemon [_thread_blocked, id=4488, stack(0x000000c594e00000,0x000000c594f00000)]
  0x0000029dd9d165c0 JavaThread "http-nio-8080-Poller" daemon [_thread_in_native, id=29392, stack(0x000000c594f00000,0x000000c595000000)]
  0x0000029dd9d17060 JavaThread "http-nio-8080-Acceptor" daemon [_thread_in_native, id=25128, stack(0x000000c595000000,0x000000c595100000)]
  0x0000029dd9d175b0 JavaThread "DestroyJavaVM" [_thread_blocked, id=27964, stack(0x000000c591500000,0x000000c591600000)]
  0x0000029dd9d17b00 JavaThread "WebSocket background processing" daemon [_thread_blocked, id=2268, stack(0x000000c591300000,0x000000c591400000)]

Other Threads:
=>0x0000029dd3c86930 VMThread "VM Thread" [stack: 0x000000c591b00000,0x000000c591c00000] [id=13724]
  0x0000029dbfd4bdb0 WatcherThread "VM Periodic Task Thread" [stack: 0x000000c592a00000,0x000000c592b00000] [id=30372]
  0x0000029dbfdbd140 WorkerThread "GC Thread#0" [stack: 0x000000c591600000,0x000000c591700000] [id=10284]
  0x0000029dd3c86ed0 WorkerThread "GC Thread#1" [stack: 0x000000c592b00000,0x000000c592c00000] [id=20652]
  0x0000029dd3c87fb0 WorkerThread "GC Thread#2" [stack: 0x000000c592c00000,0x000000c592d00000] [id=25444]
  0x0000029dd3c88280 WorkerThread "GC Thread#3" [stack: 0x000000c592d00000,0x000000c592e00000] [id=27340]
  0x0000029dd3c871a0 WorkerThread "GC Thread#4" [stack: 0x000000c592e00000,0x000000c592f00000] [id=27360]
  0x0000029dd3c87470 WorkerThread "GC Thread#5" [stack: 0x000000c592f00000,0x000000c593000000] [id=9432]
  0x0000029dd3c87740 WorkerThread "GC Thread#6" [stack: 0x000000c593000000,0x000000c593100000] [id=22940]
  0x0000029dd3c87ce0 WorkerThread "GC Thread#7" [stack: 0x000000c593400000,0x000000c593500000] [id=28004]
  0x0000029dd3c86c00 WorkerThread "GC Thread#8" [stack: 0x000000c593500000,0x000000c593600000] [id=21036]
  0x0000029dd92241b0 WorkerThread "GC Thread#9" [stack: 0x000000c593600000,0x000000c593700000] [id=29704]
  0x0000029dd92230d0 WorkerThread "GC Thread#10" [stack: 0x000000c593700000,0x000000c593800000] [id=11556]
  0x0000029dd9223940 WorkerThread "GC Thread#11" [stack: 0x000000c593800000,0x000000c593900000] [id=18904]
  0x0000029dd9222590 WorkerThread "GC Thread#12" [stack: 0x000000c593900000,0x000000c593a00000] [id=16048]
  0x0000029dbfdce040 ConcurrentGCThread "G1 Main Marker" [stack: 0x000000c591700000,0x000000c591800000] [id=25276]
  0x0000029dbfdcf120 WorkerThread "G1 Conc#0" [stack: 0x000000c591800000,0x000000c591900000] [id=19068]
  0x0000029dd9222e00 WorkerThread "G1 Conc#1" [stack: 0x000000c593a00000,0x000000c593b00000] [id=3948]
  0x0000029dd92233a0 WorkerThread "G1 Conc#2" [stack: 0x000000c593b00000,0x000000c593c00000] [id=28712]
  0x0000029dbfe0ec00 ConcurrentGCThread "G1 Refine#0" [stack: 0x000000c591900000,0x000000c591a00000] [id=22044]
  0x0000029dd3b37090 ConcurrentGCThread "G1 Service" [stack: 0x000000c591a00000,0x000000c591b00000] [id=4696]

Threads with active compile tasks:

VM state: at safepoint (normal execution)

VM Mutex/Monitor currently owned by a thread:  ([mutex/lock_event])
[0x0000029dbfd35320] Threads_lock - owner thread: 0x0000029dd3c86930
[0x0000029dbfd34c60] Heap_lock - owner thread: 0x0000029dd9d15080

Heap address: 0x0000000700c00000, size: 4084 MB, Compressed Oops mode: Zero based, Oop shift amount: 3

CDS archive(s) mapped at: [0x0000000800000000-0x0000000800c60000-0x0000000800c60000), size 12976128, SharedBaseAddress: 0x0000000800000000, ArchiveRelocationMode: 0.
Compressed class space mapped at: 0x0000000801000000-0x0000000841000000, reserved size: 1073741824
Narrow klass base: 0x0000000800000000, Narrow klass shift: 0, Narrow klass range: 0x100000000

GC Precious Log:
 CardTable entry size: 512
 Card Set container configuration: InlinePtr #cards 4 size 8 Array Of Cards #cards 16 size 48 Howl #buckets 8 coarsen threshold 3686 Howl Bitmap #cards 512 size 80 coarsen threshold 460 Card regions per heap region 1 cards per card region 4096
 CPUs: 16 total, 16 available
 Memory: 16333M
 Large Page Support: Disabled
 NUMA Support: Disabled
 Compressed Oops: Enabled (Zero based)
 Heap Region Size: 2M
 Heap Min Capacity: 8M
 Heap Initial Capacity: 256M
 Heap Max Capacity: 4084M
 Pre-touch: Disabled
 Parallel Workers: 13
 Concurrent Workers: 3
 Concurrent Refinement Workers: 13
 Periodic GC: Disabled

Heap:
 garbage-first heap   total 296960K, used 170510K [0x0000000700c00000, 0x0000000800000000)
  region size 2048K, 1 young (2048K), 1 survivors (2048K)
 Metaspace       used 48998K, committed 49984K, reserved 1114112K
  class space    used 6808K, committed 7168K, reserved 1048576K

Heap Regions: E=young(eden), S=young(survivor), O=old, HS=humongous(starts), HC=humongous(continues), CS=collection set, F=free, OA=open archive, CA=closed archive, TAMS=top-at-mark-start, PB=parsable bottom
|   0|0x0000000700c00000, 0x0000000700e00000, 0x0000000700e00000|100%| O|  |TAMS 0x0000000700e00000| PB 0x0000000700c00000| Untracked 
|   1|0x0000000700e00000, 0x0000000701000000, 0x0000000701000000|100%| O|  |TAMS 0x0000000701000000| PB 0x0000000700e00000| Untracked 
|   2|0x0000000701000000, 0x0000000701200000, 0x0000000701200000|100%| O|  |TAMS 0x0000000701200000| PB 0x0000000701000000| Untracked 
|   3|0x0000000701200000, 0x0000000701400000, 0x0000000701400000|100%| O|  |TAMS 0x0000000701400000| PB 0x0000000701200000| Untracked 
|   4|0x0000000701400000, 0x0000000701600000, 0x0000000701600000|100%| O|  |TAMS 0x0000000701600000| PB 0x0000000701400000| Untracked 
|   5|0x0000000701600000, 0x0000000701800000, 0x0000000701800000|100%| O|  |TAMS 0x0000000701800000| PB 0x0000000701600000| Untracked 
|   6|0x0000000701800000, 0x0000000701a00000, 0x0000000701a00000|100%| O|  |TAMS 0x0000000701a00000| PB 0x0000000701800000| Untracked 
|   7|0x0000000701a00000, 0x0000000701c00000, 0x0000000701c00000|100%| O|  |TAMS 0x0000000701c00000| PB 0x0000000701a00000| Untracked 
|   8|0x0000000701c00000, 0x0000000701e00000, 0x0000000701e00000|100%| O|  |TAMS 0x0000000701e00000| PB 0x0000000701c00000| Untracked 
|   9|0x0000000701e00000, 0x0000000702000000, 0x0000000702000000|100%| O|  |TAMS 0x0000000702000000| PB 0x0000000701e00000| Untracked 
|  10|0x0000000702000000, 0x0000000702200000, 0x0000000702200000|100%| O|  |TAMS 0x0000000702200000| PB 0x0000000702000000| Untracked 
|  11|0x0000000702200000, 0x0000000702400000, 0x0000000702400000|100%| O|  |TAMS 0x0000000702200000| PB 0x0000000702200000| Untracked 
|  12|0x0000000702400000, 0x0000000702600000, 0x0000000702600000|100%| O|  |TAMS 0x0000000702600000| PB 0x0000000702400000| Untracked 
|  13|0x0000000702600000, 0x0000000702800000, 0x0000000702800000|100%| O|  |TAMS 0x0000000702800000| PB 0x0000000702600000| Untracked 
|  14|0x0000000702800000, 0x0000000702a00000, 0x0000000702a00000|100%| O|  |TAMS 0x0000000702800000| PB 0x0000000702800000| Untracked 
|  15|0x0000000702a00000, 0x0000000702c00000, 0x0000000702c00000|100%| O|  |TAMS 0x0000000702c00000| PB 0x0000000702a00000| Untracked 
|  16|0x0000000702c00000, 0x0000000702e00000, 0x0000000702e00000|100%| O|  |TAMS 0x0000000702e00000| PB 0x0000000702c00000| Untracked 
|  17|0x0000000702e00000, 0x0000000703000000, 0x0000000703000000|100%| O|  |TAMS 0x0000000703000000| PB 0x0000000702e00000| Untracked 
|  18|0x0000000703000000, 0x0000000703200000, 0x0000000703200000|100%| O|  |TAMS 0x0000000703200000| PB 0x0000000703000000| Untracked 
|  19|0x0000000703200000, 0x0000000703400000, 0x0000000703400000|100%| O|  |TAMS 0x0000000703400000| PB 0x0000000703200000| Untracked 
|  20|0x0000000703400000, 0x0000000703600000, 0x0000000703600000|100%| O|  |TAMS 0x0000000703600000| PB 0x0000000703400000| Untracked 
|  21|0x0000000703600000, 0x0000000703800000, 0x0000000703800000|100%| O|  |TAMS 0x0000000703800000| PB 0x0000000703600000| Untracked 
|  22|0x0000000703800000, 0x0000000703a00000, 0x0000000703a00000|100%| O|  |TAMS 0x0000000703a00000| PB 0x0000000703800000| Untracked 
|  23|0x0000000703a00000, 0x0000000703c00000, 0x0000000703c00000|100%| O|  |TAMS 0x0000000703c00000| PB 0x0000000703a00000| Untracked 
|  24|0x0000000703c00000, 0x0000000703e00000, 0x0000000703e00000|100%| O|  |TAMS 0x0000000703e00000| PB 0x0000000703c00000| Untracked 
|  25|0x0000000703e00000, 0x0000000704000000, 0x0000000704000000|100%| O|  |TAMS 0x0000000704000000| PB 0x0000000703e00000| Untracked 
|  26|0x0000000704000000, 0x0000000704200000, 0x0000000704200000|100%| O|  |TAMS 0x0000000704200000| PB 0x0000000704000000| Untracked 
|  27|0x0000000704200000, 0x0000000704400000, 0x0000000704400000|100%| O|  |TAMS 0x0000000704400000| PB 0x0000000704200000| Untracked 
|  28|0x0000000704400000, 0x0000000704600000, 0x0000000704600000|100%| O|  |TAMS 0x0000000704600000| PB 0x0000000704400000| Untracked 
|  29|0x0000000704600000, 0x0000000704800000, 0x0000000704800000|100%| O|  |TAMS 0x0000000704800000| PB 0x0000000704600000| Untracked 
|  30|0x0000000704800000, 0x0000000704a00000, 0x0000000704a00000|100%| O|  |TAMS 0x0000000704a00000| PB 0x0000000704800000| Untracked 
|  31|0x0000000704a00000, 0x0000000704c00000, 0x0000000704c00000|100%| O|  |TAMS 0x0000000704c00000| PB 0x0000000704a00000| Untracked 
|  32|0x0000000704c00000, 0x0000000704e00000, 0x0000000704e00000|100%| O|  |TAMS 0x0000000704e00000| PB 0x0000000704c00000| Untracked 
|  33|0x0000000704e00000, 0x0000000705000000, 0x0000000705000000|100%| O|  |TAMS 0x0000000705000000| PB 0x0000000704e00000| Untracked 
|  34|0x0000000705000000, 0x0000000705200000, 0x0000000705200000|100%| O|  |TAMS 0x0000000705200000| PB 0x0000000705000000| Untracked 
|  35|0x0000000705200000, 0x0000000705400000, 0x0000000705400000|100%| O|  |TAMS 0x0000000705400000| PB 0x0000000705200000| Untracked 
|  36|0x0000000705400000, 0x0000000705600000, 0x0000000705600000|100%| O|  |TAMS 0x0000000705600000| PB 0x0000000705400000| Untracked 
|  37|0x0000000705600000, 0x0000000705800000, 0x0000000705800000|100%| O|  |TAMS 0x0000000705600000| PB 0x0000000705600000| Untracked 
|  38|0x0000000705800000, 0x0000000705a00000, 0x0000000705a00000|100%| O|  |TAMS 0x0000000705800000| PB 0x0000000705800000| Untracked 
|  39|0x0000000705a00000, 0x0000000705c00000, 0x0000000705c00000|100%| O|  |TAMS 0x0000000705a00000| PB 0x0000000705a00000| Untracked 
|  40|0x0000000705c00000, 0x0000000705e00000, 0x0000000705e00000|100%| O|  |TAMS 0x0000000705c00000| PB 0x0000000705c00000| Untracked 
|  41|0x0000000705e00000, 0x0000000706000000, 0x0000000706000000|100%| O|  |TAMS 0x0000000705e00000| PB 0x0000000705e00000| Untracked 
|  42|0x0000000706000000, 0x0000000706200000, 0x0000000706200000|100%| O|  |TAMS 0x0000000706200000| PB 0x0000000706000000| Untracked 
|  43|0x0000000706200000, 0x0000000706400000, 0x0000000706400000|100%| O|  |TAMS 0x0000000706200000| PB 0x0000000706200000| Untracked 
|  44|0x0000000706400000, 0x0000000706600000, 0x0000000706600000|100%| O|  |TAMS 0x0000000706400000| PB 0x0000000706400000| Untracked 
|  45|0x0000000706600000, 0x0000000706800000, 0x0000000706800000|100%| O|  |TAMS 0x0000000706600000| PB 0x0000000706600000| Untracked 
|  46|0x0000000706800000, 0x0000000706a00000, 0x0000000706a00000|100%| O|  |TAMS 0x0000000706800000| PB 0x0000000706800000| Untracked 
|  47|0x0000000706a00000, 0x0000000706c00000, 0x0000000706c00000|100%| O|  |TAMS 0x0000000706a00000| PB 0x0000000706a00000| Untracked 
|  48|0x0000000706c00000, 0x0000000706e00000, 0x0000000706e00000|100%| O|  |TAMS 0x0000000706c00000| PB 0x0000000706c00000| Untracked 
|  49|0x0000000706e00000, 0x0000000707000000, 0x0000000707000000|100%| O|  |TAMS 0x0000000706e00000| PB 0x0000000706e00000| Untracked 
|  50|0x0000000707000000, 0x0000000707200000, 0x0000000707200000|100%| O|  |TAMS 0x0000000707000000| PB 0x0000000707000000| Untracked 
|  51|0x0000000707200000, 0x0000000707400000, 0x0000000707400000|100%| O|  |TAMS 0x0000000707200000| PB 0x0000000707200000| Untracked 
|  52|0x0000000707400000, 0x0000000707600000, 0x0000000707600000|100%| O|  |TAMS 0x0000000707400000| PB 0x0000000707400000| Untracked 
|  53|0x0000000707600000, 0x0000000707800000, 0x0000000707800000|100%| O|  |TAMS 0x0000000707600000| PB 0x0000000707600000| Untracked 
|  54|0x0000000707800000, 0x0000000707a00000, 0x0000000707a00000|100%| O|  |TAMS 0x0000000707800000| PB 0x0000000707800000| Untracked 
|  55|0x0000000707a00000, 0x0000000707c00000, 0x0000000707c00000|100%| O|  |TAMS 0x0000000707a00000| PB 0x0000000707a00000| Untracked 
|  56|0x0000000707c00000, 0x0000000707e00000, 0x0000000707e00000|100%| O|  |TAMS 0x0000000707c00000| PB 0x0000000707c00000| Untracked 
|  57|0x0000000707e00000, 0x0000000708000000, 0x0000000708000000|100%| O|  |TAMS 0x0000000707e00000| PB 0x0000000707e00000| Untracked 
|  58|0x0000000708000000, 0x0000000708200000, 0x0000000708200000|100%| O|  |TAMS 0x0000000708000000| PB 0x0000000708000000| Untracked 
|  59|0x0000000708200000, 0x0000000708400000, 0x0000000708400000|100%| O|  |TAMS 0x0000000708200000| PB 0x0000000708200000| Untracked 
|  60|0x0000000708400000, 0x0000000708600000, 0x0000000708600000|100%| O|  |TAMS 0x0000000708400000| PB 0x0000000708400000| Untracked 
|  61|0x0000000708600000, 0x0000000708800000, 0x0000000708800000|100%| O|  |TAMS 0x0000000708600000| PB 0x0000000708600000| Untracked 
|  62|0x0000000708800000, 0x0000000708a00000, 0x0000000708a00000|100%| O|  |TAMS 0x0000000708800000| PB 0x0000000708800000| Untracked 
|  63|0x0000000708a00000, 0x0000000708c00000, 0x0000000708c00000|100%| O|  |TAMS 0x0000000708a00000| PB 0x0000000708a00000| Untracked 
|  64|0x0000000708c00000, 0x0000000708e00000, 0x0000000708e00000|100%| O|  |TAMS 0x0000000708c00000| PB 0x0000000708c00000| Untracked 
|  65|0x0000000708e00000, 0x0000000708e83a00, 0x0000000709000000| 25%| O|  |TAMS 0x0000000708e00000| PB 0x0000000708e00000| Untracked 
|  66|0x0000000709000000, 0x0000000709000000, 0x0000000709200000|  0%| F|  |TAMS 0x0000000709000000| PB 0x0000000709000000| Untracked 
|  67|0x0000000709200000, 0x0000000709200000, 0x0000000709400000|  0%| F|  |TAMS 0x0000000709200000| PB 0x0000000709200000| Untracked 
|  68|0x0000000709400000, 0x0000000709400000, 0x0000000709600000|  0%| F|  |TAMS 0x0000000709400000| PB 0x0000000709400000| Untracked 
|  69|0x0000000709600000, 0x0000000709600000, 0x0000000709800000|  0%| F|  |TAMS 0x0000000709600000| PB 0x0000000709600000| Untracked 
|  70|0x0000000709800000, 0x0000000709800000, 0x0000000709a00000|  0%| F|  |TAMS 0x0000000709800000| PB 0x0000000709800000| Untracked 
|  71|0x0000000709a00000, 0x0000000709a00000, 0x0000000709c00000|  0%| F|  |TAMS 0x0000000709a00000| PB 0x0000000709a00000| Untracked 
|  72|0x0000000709c00000, 0x0000000709c00000, 0x0000000709e00000|  0%| F|  |TAMS 0x0000000709c00000| PB 0x0000000709c00000| Untracked 
|  73|0x0000000709e00000, 0x0000000709e00000, 0x000000070a000000|  0%| F|  |TAMS 0x0000000709e00000| PB 0x0000000709e00000| Untracked 
|  74|0x000000070a000000, 0x000000070a000000, 0x000000070a200000|  0%| F|  |TAMS 0x000000070a000000| PB 0x000000070a000000| Untracked 
|  75|0x000000070a200000, 0x000000070a200000, 0x000000070a400000|  0%| F|  |TAMS 0x000000070a200000| PB 0x000000070a200000| Untracked 
|  76|0x000000070a400000, 0x000000070a400000, 0x000000070a600000|  0%| F|  |TAMS 0x000000070a400000| PB 0x000000070a400000| Untracked 
|  77|0x000000070a600000, 0x000000070a600000, 0x000000070a800000|  0%| F|  |TAMS 0x000000070a600000| PB 0x000000070a600000| Untracked 
|  78|0x000000070a800000, 0x000000070a800000, 0x000000070aa00000|  0%| F|  |TAMS 0x000000070a800000| PB 0x000000070a800000| Untracked 
|  79|0x000000070aa00000, 0x000000070aa00000, 0x000000070ac00000|  0%| F|  |TAMS 0x000000070aa00000| PB 0x000000070aa00000| Untracked 
|  80|0x000000070ac00000, 0x000000070ac00000, 0x000000070ae00000|  0%| F|  |TAMS 0x000000070ac00000| PB 0x000000070ac00000| Untracked 
|  81|0x000000070ae00000, 0x000000070ae00000, 0x000000070b000000|  0%| F|  |TAMS 0x000000070ae00000| PB 0x000000070ae00000| Untracked 
|  82|0x000000070b000000, 0x000000070b000000, 0x000000070b200000|  0%| F|  |TAMS 0x000000070b000000| PB 0x000000070b000000| Untracked 
|  83|0x000000070b200000, 0x000000070b200000, 0x000000070b400000|  0%| F|  |TAMS 0x000000070b200000| PB 0x000000070b200000| Untracked 
|  84|0x000000070b400000, 0x000000070b400000, 0x000000070b600000|  0%| F|  |TAMS 0x000000070b400000| PB 0x000000070b400000| Untracked 
|  85|0x000000070b600000, 0x000000070b600000, 0x000000070b800000|  0%| F|  |TAMS 0x000000070b600000| PB 0x000000070b600000| Untracked 
|  86|0x000000070b800000, 0x000000070b800000, 0x000000070ba00000|  0%| F|  |TAMS 0x000000070b800000| PB 0x000000070b800000| Untracked 
|  87|0x000000070ba00000, 0x000000070ba00000, 0x000000070bc00000|  0%| F|  |TAMS 0x000000070ba00000| PB 0x000000070ba00000| Untracked 
|  88|0x000000070bc00000, 0x000000070bc00000, 0x000000070be00000|  0%| F|  |TAMS 0x000000070bc00000| PB 0x000000070bc00000| Untracked 
|  89|0x000000070be00000, 0x000000070be00000, 0x000000070c000000|  0%| F|  |TAMS 0x000000070be00000| PB 0x000000070be00000| Untracked 
|  90|0x000000070c000000, 0x000000070c000000, 0x000000070c200000|  0%| F|  |TAMS 0x000000070c000000| PB 0x000000070c000000| Untracked 
|  91|0x000000070c200000, 0x000000070c200000, 0x000000070c400000|  0%| F|  |TAMS 0x000000070c200000| PB 0x000000070c200000| Untracked 
|  92|0x000000070c400000, 0x000000070c400000, 0x000000070c600000|  0%| F|  |TAMS 0x000000070c400000| PB 0x000000070c400000| Untracked 
|  93|0x000000070c600000, 0x000000070c600000, 0x000000070c800000|  0%| F|  |TAMS 0x000000070c600000| PB 0x000000070c600000| Untracked 
|  94|0x000000070c800000, 0x000000070c800000, 0x000000070ca00000|  0%| F|  |TAMS 0x000000070c800000| PB 0x000000070c800000| Untracked 
|  95|0x000000070ca00000, 0x000000070ca00000, 0x000000070cc00000|  0%| F|  |TAMS 0x000000070ca00000| PB 0x000000070ca00000| Untracked 
|  96|0x000000070cc00000, 0x000000070cc00000, 0x000000070ce00000|  0%| F|  |TAMS 0x000000070cc00000| PB 0x000000070cc00000| Untracked 
|  97|0x000000070ce00000, 0x000000070ce00000, 0x000000070d000000|  0%| F|  |TAMS 0x000000070ce00000| PB 0x000000070ce00000| Untracked 
|  98|0x000000070d000000, 0x000000070d000000, 0x000000070d200000|  0%| F|  |TAMS 0x000000070d000000| PB 0x000000070d000000| Untracked 
|  99|0x000000070d200000, 0x000000070d200000, 0x000000070d400000|  0%| F|  |TAMS 0x000000070d200000| PB 0x000000070d200000| Untracked 
| 100|0x000000070d400000, 0x000000070d400000, 0x000000070d600000|  0%| F|  |TAMS 0x000000070d400000| PB 0x000000070d400000| Untracked 
| 101|0x000000070d600000, 0x000000070d800000, 0x000000070d800000|100%| S|CS|TAMS 0x000000070d600000| PB 0x000000070d600000| Complete 
| 102|0x000000070d800000, 0x000000070d800000, 0x000000070da00000|  0%| F|  |TAMS 0x000000070d800000| PB 0x000000070d800000| Untracked 
| 103|0x000000070da00000, 0x000000070da00000, 0x000000070dc00000|  0%| F|  |TAMS 0x000000070da00000| PB 0x000000070da00000| Untracked 
| 104|0x000000070dc00000, 0x000000070dc00000, 0x000000070de00000|  0%| F|  |TAMS 0x000000070dc00000| PB 0x000000070dc00000| Untracked 
| 105|0x000000070de00000, 0x000000070de00000, 0x000000070e000000|  0%| F|  |TAMS 0x000000070de00000| PB 0x000000070de00000| Untracked 
| 106|0x000000070e000000, 0x000000070e000000, 0x000000070e200000|  0%| F|  |TAMS 0x000000070e000000| PB 0x000000070e000000| Untracked 
| 107|0x000000070e200000, 0x000000070e200000, 0x000000070e400000|  0%| F|  |TAMS 0x000000070e200000| PB 0x000000070e200000| Untracked 
| 108|0x000000070e400000, 0x000000070e400000, 0x000000070e600000|  0%| F|  |TAMS 0x000000070e400000| PB 0x000000070e400000| Untracked 
| 109|0x000000070e600000, 0x000000070e600000, 0x000000070e800000|  0%| F|  |TAMS 0x000000070e600000| PB 0x000000070e600000| Untracked 
| 110|0x000000070e800000, 0x000000070e800000, 0x000000070ea00000|  0%| F|  |TAMS 0x000000070e800000| PB 0x000000070e800000| Untracked 
| 111|0x000000070ea00000, 0x000000070ea00000, 0x000000070ec00000|  0%| F|  |TAMS 0x000000070ea00000| PB 0x000000070ea00000| Untracked 
| 112|0x000000070ec00000, 0x000000070ec00000, 0x000000070ee00000|  0%| F|  |TAMS 0x000000070ec00000| PB 0x000000070ec00000| Untracked 
| 113|0x000000070ee00000, 0x000000070ee00000, 0x000000070f000000|  0%| F|  |TAMS 0x000000070ee00000| PB 0x000000070ee00000| Untracked 
| 114|0x000000070f000000, 0x000000070f000000, 0x000000070f200000|  0%| F|  |TAMS 0x000000070f000000| PB 0x000000070f000000| Untracked 
| 115|0x000000070f200000, 0x000000070f200000, 0x000000070f400000|  0%| F|  |TAMS 0x000000070f200000| PB 0x000000070f200000| Untracked 
| 116|0x000000070f400000, 0x000000070f400000, 0x000000070f600000|  0%| F|  |TAMS 0x000000070f400000| PB 0x000000070f400000| Untracked 
| 117|0x000000070f600000, 0x000000070f600000, 0x000000070f800000|  0%| F|  |TAMS 0x000000070f600000| PB 0x000000070f600000| Untracked 
| 118|0x000000070f800000, 0x000000070f800000, 0x000000070fa00000|  0%| F|  |TAMS 0x000000070f800000| PB 0x000000070f800000| Untracked 
| 119|0x000000070fa00000, 0x000000070fa00000, 0x000000070fc00000|  0%| F|  |TAMS 0x000000070fa00000| PB 0x000000070fa00000| Untracked 
| 120|0x000000070fc00000, 0x000000070fc00000, 0x000000070fe00000|  0%| F|  |TAMS 0x000000070fc00000| PB 0x000000070fc00000| Untracked 
| 121|0x000000070fe00000, 0x000000070fe00000, 0x0000000710000000|  0%| F|  |TAMS 0x000000070fe00000| PB 0x000000070fe00000| Untracked 
| 122|0x0000000710000000, 0x0000000710000000, 0x0000000710200000|  0%| F|  |TAMS 0x0000000710000000| PB 0x0000000710000000| Untracked 
| 123|0x0000000710200000, 0x0000000710200000, 0x0000000710400000|  0%| F|  |TAMS 0x0000000710200000| PB 0x0000000710200000| Untracked 
| 124|0x0000000710400000, 0x0000000710400000, 0x0000000710600000|  0%| F|  |TAMS 0x0000000710400000| PB 0x0000000710400000| Untracked 
| 125|0x0000000710600000, 0x0000000710600000, 0x0000000710800000|  0%| F|  |TAMS 0x0000000710600000| PB 0x0000000710600000| Untracked 
| 126|0x0000000710800000, 0x0000000710800000, 0x0000000710a00000|  0%| F|  |TAMS 0x0000000710800000| PB 0x0000000710800000| Untracked 
| 127|0x0000000710a00000, 0x0000000710a00000, 0x0000000710c00000|  0%| F|  |TAMS 0x0000000710a00000| PB 0x0000000710a00000| Untracked 
|2025|0x00000007fde00000, 0x00000007fe000000, 0x00000007fe000000|100%| O|  |TAMS 0x00000007fdf22400| PB 0x00000007fde00000| Untracked 
|2026|0x00000007fe000000, 0x00000007fe200000, 0x00000007fe200000|100%| O|  |TAMS 0x00000007fe200000| PB 0x00000007fe000000| Untracked 
|2027|0x00000007fe200000, 0x00000007fe400000, 0x00000007fe400000|100%| O|  |TAMS 0x00000007fe400000| PB 0x00000007fe200000| Untracked 
|2028|0x00000007fe400000, 0x00000007fe600000, 0x00000007fe600000|100%| O|  |TAMS 0x00000007fe600000| PB 0x00000007fe400000| Untracked 
|2029|0x00000007fe600000, 0x00000007fe800000, 0x00000007fe800000|100%| O|  |TAMS 0x00000007fe800000| PB 0x00000007fe600000| Untracked 
|2030|0x00000007fe800000, 0x00000007fea00000, 0x00000007fea00000|100%| O|  |TAMS 0x00000007fea00000| PB 0x00000007fe800000| Untracked 
|2031|0x00000007fea00000, 0x00000007fec00000, 0x00000007fec00000|100%| O|  |TAMS 0x00000007fec00000| PB 0x00000007fea00000| Untracked 
|2032|0x00000007fec00000, 0x00000007fee00000, 0x00000007fee00000|100%| O|  |TAMS 0x00000007fee00000| PB 0x00000007fec00000| Untracked 
|2033|0x00000007fee00000, 0x00000007ff000000, 0x00000007ff000000|100%| O|  |TAMS 0x00000007ff000000| PB 0x00000007fee00000| Untracked 
|2034|0x00000007ff000000, 0x00000007ff200000, 0x00000007ff200000|100%| O|  |TAMS 0x00000007ff200000| PB 0x00000007ff000000| Untracked 
|2035|0x00000007ff200000, 0x00000007ff400000, 0x00000007ff400000|100%| O|  |TAMS 0x00000007ff400000| PB 0x00000007ff200000| Untracked 
|2036|0x00000007ff400000, 0x00000007ff600000, 0x00000007ff600000|100%| O|  |TAMS 0x00000007ff600000| PB 0x00000007ff400000| Untracked 
|2037|0x00000007ff600000, 0x00000007ff800000, 0x00000007ff800000|100%| O|  |TAMS 0x00000007ff800000| PB 0x00000007ff600000| Untracked 
|2038|0x00000007ff800000, 0x00000007ffa00000, 0x00000007ffa00000|100%| O|  |TAMS 0x00000007ffa00000| PB 0x00000007ff800000| Untracked 
|2039|0x00000007ffa00000, 0x00000007ffc00000, 0x00000007ffc00000|100%| O|  |TAMS 0x00000007ffc00000| PB 0x00000007ffa00000| Untracked 
|2040|0x00000007ffc00000, 0x00000007ffe00000, 0x00000007ffe00000|100%| O|  |TAMS 0x00000007ffe00000| PB 0x00000007ffc00000| Untracked 
|2041|0x00000007ffe00000, 0x0000000800000000, 0x0000000800000000|100%| O|  |TAMS 0x0000000800000000| PB 0x00000007ffe00000| Untracked 

Card table byte_map: [0x0000029dcbc60000,0x0000029dcc460000] _byte_map_base: 0x0000029dc845a000

Marking Bits: (CMBitMap*) 0x0000029dbfdbd680
 Bits: [0x0000029dccc60000, 0x0000029dd0c30000)

Polling page: 0x0000029dbdca0000

Metaspace:

Usage:
  Non-class:     41.20 MB used.
      Class:      6.65 MB used.
       Both:     47.85 MB used.

Virtual space:
  Non-class space:       64.00 MB reserved,      41.81 MB ( 65%) committed,  1 nodes.
      Class space:        1.00 GB reserved,       7.00 MB ( <1%) committed,  1 nodes.
             Both:        1.06 GB reserved,      48.81 MB (  4%) committed. 

Chunk freelists:
   Non-Class:  2.17 MB
       Class:  1020.00 KB
        Both:  3.16 MB

MaxMetaspaceSize: unlimited
CompressedClassSpaceSize: 1.00 GB
Initial GC threshold: 21.00 MB
Current GC threshold: 81.25 MB
CDS: on
MetaspaceReclaimPolicy: balanced
 - commit_granule_bytes: 65536.
 - commit_granule_words: 8192.
 - virtual_space_node_default_size: 8388608.
 - enlarge_chunks_in_place: 1.
 - new_chunks_are_fully_committed: 0.
 - uncommit_free_chunks: 1.
 - use_allocation_guard: 0.


Internal statistics:

num_allocs_failed_limit: 6.
num_arena_births: 960.
num_arena_deaths: 362.
num_vsnodes_births: 2.
num_vsnodes_deaths: 0.
num_space_committed: 781.
num_space_uncommitted: 0.
num_chunks_returned_to_freelist: 439.
num_chunks_taken_from_freelist: 2742.
num_chunk_merges: 115.
num_chunk_splits: 1868.
num_chunks_enlarged: 1366.
num_inconsistent_stats: 0.

CodeCache: size=49152Kb used=9722Kb max_used=10622Kb free=39429Kb
 bounds [0x0000029dc7e00000, 0x0000029dc8860000, 0x0000029dcae00000]
 total_blobs=5984 nmethods=5381 adapters=527
 compilation: enabled
              stopped_count=0, restarted_count=0
 full_count=0

Compilation events (20 events):
Event: 196.592 Thread 0x0000029dd3cb0710 5475       1       org.apache.coyote.ErrorState::isError (5 bytes)
Event: 196.592 Thread 0x0000029dd3cb0710 nmethod 5475 0x0000029dc7fabf90 code [0x0000029dc7fac100, 0x0000029dc7fac1d0]
Event: 198.378 Thread 0x0000029dd3cb0710 5476       1       org.apache.coyote.AsyncStateMachine$AsyncState::isAsync (5 bytes)
Event: 198.378 Thread 0x0000029dd3cb0710 nmethod 5476 0x0000029dc7fabc90 code [0x0000029dc7fabe00, 0x0000029dc7fabed0]
Event: 200.164 Thread 0x0000029dd3cb0710 5477       1       java.util.concurrent.ScheduledThreadPoolExecutor$DelayedWorkQueue::finishPoll (43 bytes)
Event: 200.164 Thread 0x0000029dd3cb0710 nmethod 5477 0x0000029dc7fab790 code [0x0000029dc7fab920, 0x0000029dc7fabb20]
Event: 200.164 Thread 0x0000029dd3cb0710 5478       1       java.util.concurrent.ScheduledThreadPoolExecutor$ScheduledFutureTask::run (57 bytes)
Event: 200.164 Thread 0x0000029dd3cb0710 nmethod 5478 0x0000029dc7fab210 code [0x0000029dc7fab3e0, 0x0000029dc7fab628]
Event: 200.164 Thread 0x0000029dd3cb0710 5479       1       java.util.concurrent.ScheduledThreadPoolExecutor$ScheduledFutureTask::isPeriodic (15 bytes)
Event: 200.164 Thread 0x0000029dd3cb0710 nmethod 5479 0x0000029dc7faaf10 code [0x0000029dc7fab080, 0x0000029dc7fab170]
Event: 200.164 Thread 0x0000029dd3cb0710 5480   !   1       java.util.concurrent.FutureTask::runAndReset (125 bytes)
Event: 200.165 Thread 0x0000029dd3cb0710 nmethod 5480 0x0000029dc7fa9c10 code [0x0000029dc7fa9e80, 0x0000029dc7faa928]
Event: 200.165 Thread 0x0000029dd3cb0710 5481       1       java.util.concurrent.Executors$RunnableAdapter::call (14 bytes)
Event: 200.166 Thread 0x0000029dd3cb0710 nmethod 5481 0x0000029dc7fa9910 code [0x0000029dc7fa9aa0, 0x0000029dc7fa9ba0]
Event: 200.166 Thread 0x0000029dd3cb0710 5482       1       java.util.concurrent.ScheduledThreadPoolExecutor$ScheduledFutureTask::setNextRunTime (38 bytes)
Event: 200.166 Thread 0x0000029dd3cb0710 nmethod 5482 0x0000029dc7fa9490 code [0x0000029dc7fa9620, 0x0000029dc7fa9808]
Event: 200.166 Thread 0x0000029dd3cb0710 5483       1       java.util.concurrent.ScheduledThreadPoolExecutor::reExecutePeriodic (49 bytes)
Event: 200.166 Thread 0x0000029dd3cb0710 nmethod 5483 0x0000029dc7fa8e90 code [0x0000029dc7fa9080, 0x0000029dc7fa92f8]
Event: 200.716 Thread 0x0000029dd3cb0710 5484       1       java.net.Socket::getImpl (17 bytes)
Event: 200.716 Thread 0x0000029dd3cb0710 nmethod 5484 0x0000029dc7fa8b10 code [0x0000029dc7fa8ca0, 0x0000029dc7fa8da8]

GC Heap History (20 events):
Event: 5.685 GC heap after
{Heap after GC invocations=9 (full 0):
 garbage-first heap   total 63488K, used 22956K [0x0000000700c00000, 0x0000000800000000)
  region size 2048K, 3 young (6144K), 3 survivors (6144K)
 Metaspace       used 41699K, committed 42304K, reserved 1114112K
  class space    used 5854K, committed 6144K, reserved 1048576K
}
Event: 7.061 GC heap before
{Heap before GC invocations=9 (full 0):
 garbage-first heap   total 63488K, used 49580K [0x0000000700c00000, 0x0000000800000000)
  region size 2048K, 16 young (32768K), 3 survivors (6144K)
 Metaspace       used 46144K, committed 46848K, reserved 1114112K
  class space    used 6479K, committed 6784K, reserved 1048576K
}
Event: 7.071 GC heap after
{Heap after GC invocations=10 (full 0):
 garbage-first heap   total 63488K, used 24832K [0x0000000700c00000, 0x0000000800000000)
  region size 2048K, 2 young (4096K), 2 survivors (4096K)
 Metaspace       used 46144K, committed 46848K, reserved 1114112K
  class space    used 6479K, committed 6784K, reserved 1048576K
}
Event: 165.318 GC heap before
{Heap before GC invocations=10 (full 0):
 garbage-first heap   total 63488K, used 49408K [0x0000000700c00000, 0x0000000800000000)
  region size 2048K, 15 young (30720K), 2 survivors (4096K)
 Metaspace       used 47894K, committed 48576K, reserved 1114112K
  class space    used 6688K, committed 6976K, reserved 1048576K
}
Event: 165.323 GC heap after
{Heap after GC invocations=11 (full 0):
 garbage-first heap   total 65536K, used 33096K [0x0000000700c00000, 0x0000000800000000)
  region size 2048K, 2 young (4096K), 2 survivors (4096K)
 Metaspace       used 47894K, committed 48576K, reserved 1114112K
  class space    used 6688K, committed 6976K, reserved 1048576K
}
Event: 165.661 GC heap before
{Heap before GC invocations=11 (full 0):
 garbage-first heap   total 65536K, used 49480K [0x0000000700c00000, 0x0000000800000000)
  region size 2048K, 10 young (20480K), 2 survivors (4096K)
 Metaspace       used 49130K, committed 49856K, reserved 1114112K
  class space    used 6851K, committed 7168K, reserved 1048576K
}
Event: 165.663 GC heap after
{Heap after GC invocations=12 (full 0):
 garbage-first heap   total 65536K, used 31149K [0x0000000700c00000, 0x0000000800000000)
  region size 2048K, 1 young (2048K), 1 survivors (2048K)
 Metaspace       used 49130K, committed 49856K, reserved 1114112K
  class space    used 6851K, committed 7168K, reserved 1048576K
}
Event: 165.701 GC heap before
{Heap before GC invocations=12 (full 0):
 garbage-first heap   total 75776K, used 51629K [0x0000000700c00000, 0x0000000800000000)
  region size 2048K, 11 young (22528K), 1 survivors (2048K)
 Metaspace       used 48851K, committed 49920K, reserved 1114112K
  class space    used 6774K, committed 7168K, reserved 1048576K
}
Event: 165.707 GC heap after
{Heap after GC invocations=13 (full 0):
 garbage-first heap   total 151552K, used 51396K [0x0000000700c00000, 0x0000000800000000)
  region size 2048K, 2 young (4096K), 2 survivors (4096K)
 Metaspace       used 48851K, committed 49920K, reserved 1114112K
  class space    used 6774K, committed 7168K, reserved 1048576K
}
Event: 177.006 GC heap before
{Heap before GC invocations=14 (full 0):
 garbage-first heap   total 151552K, used 114884K [0x0000000700c00000, 0x0000000800000000)
  region size 2048K, 33 young (67584K), 2 survivors (4096K)
 Metaspace       used 48923K, committed 49984K, reserved 1114112K
  class space    used 6790K, committed 7168K, reserved 1048576K
}
Event: 177.011 GC heap after
{Heap after GC invocations=15 (full 0):
 garbage-first heap   total 151552K, used 62389K [0x0000000700c00000, 0x0000000800000000)
  region size 2048K, 5 young (10240K), 5 survivors (10240K)
 Metaspace       used 48923K, committed 49984K, reserved 1114112K
  class space    used 6790K, committed 7168K, reserved 1048576K
}
Event: 177.034 GC heap before
{Heap before GC invocations=15 (full 0):
 garbage-first heap   total 151552K, used 115637K [0x0000000700c00000, 0x0000000800000000)
  region size 2048K, 31 young (63488K), 5 survivors (10240K)
 Metaspace       used 48923K, committed 49984K, reserved 1114112K
  class space    used 6790K, committed 7168K, reserved 1048576K
}
Event: 177.051 GC heap after
{Heap after GC invocations=16 (full 0):
 garbage-first heap   total 184320K, used 115849K [0x0000000700c00000, 0x0000000800000000)
  region size 2048K, 4 young (8192K), 4 survivors (8192K)
 Metaspace       used 48923K, committed 49984K, reserved 1114112K
  class space    used 6790K, committed 7168K, reserved 1048576K
}
Event: 200.722 GC heap before
{Heap before GC invocations=16 (full 0):
 garbage-first heap   total 184320K, used 138377K [0x0000000700c00000, 0x0000000800000000)
  region size 2048K, 15 young (30720K), 4 survivors (8192K)
 Metaspace       used 48998K, committed 49984K, reserved 1114112K
  class space    used 6808K, committed 7168K, reserved 1048576K
}
Event: 200.727 GC heap after
{Heap after GC invocations=17 (full 0):
 garbage-first heap   total 184320K, used 138240K [0x0000000700c00000, 0x0000000800000000)
  region size 2048K, 2 young (4096K), 2 survivors (4096K)
 Metaspace       used 48998K, committed 49984K, reserved 1114112K
  class space    used 6808K, committed 7168K, reserved 1048576K
}
Event: 200.733 GC heap before
{Heap before GC invocations=17 (full 0):
 garbage-first heap   total 184320K, used 150528K [0x0000000700c00000, 0x0000000800000000)
  region size 2048K, 8 young (16384K), 2 survivors (4096K)
 Metaspace       used 48998K, committed 49984K, reserved 1114112K
  class space    used 6808K, committed 7168K, reserved 1048576K
}
Event: 200.736 GC heap after
{Heap after GC invocations=18 (full 0):
 garbage-first heap   total 184320K, used 153600K [0x0000000700c00000, 0x0000000800000000)
  region size 2048K, 1 young (2048K), 1 survivors (2048K)
 Metaspace       used 48998K, committed 49984K, reserved 1114112K
  class space    used 6808K, committed 7168K, reserved 1048576K
}
Event: 200.739 GC heap before
{Heap before GC invocations=18 (full 0):
 garbage-first heap   total 184320K, used 161792K [0x0000000700c00000, 0x0000000800000000)
  region size 2048K, 5 young (10240K), 1 survivors (2048K)
 Metaspace       used 48998K, committed 49984K, reserved 1114112K
  class space    used 6808K, committed 7168K, reserved 1048576K
}
Event: 200.742 GC heap after
{Heap after GC invocations=19 (full 0):
 garbage-first heap   total 184320K, used 163550K [0x0000000700c00000, 0x0000000800000000)
  region size 2048K, 1 young (2048K), 1 survivors (2048K)
 Metaspace       used 48998K, committed 49984K, reserved 1114112K
  class space    used 6808K, committed 7168K, reserved 1048576K
}
Event: 200.745 GC heap before
{Heap before GC invocations=19 (full 0):
 garbage-first heap   total 184320K, used 169694K [0x0000000700c00000, 0x0000000800000000)
  region size 2048K, 4 young (8192K), 1 survivors (2048K)
 Metaspace       used 48998K, committed 49984K, reserved 1114112K
  class space    used 6808K, committed 7168K, reserved 1048576K
}

Dll operation events (14 events):
Event: 0.018 Loaded shared library E:\Java20\bin\java.dll
Event: 0.032 Loaded shared library E:\Java20\bin\jsvml.dll
Event: 0.207 Loaded shared library E:\Java20\bin\zip.dll
Event: 0.212 Loaded shared library E:\Java20\bin\instrument.dll
Event: 0.222 Loaded shared library E:\Java20\bin\net.dll
Event: 0.225 Loaded shared library E:\Java20\bin\nio.dll
Event: 0.230 Loaded shared library E:\Java20\bin\zip.dll
Event: 0.337 Loaded shared library E:\Program Files\JetBrains\IntelliJ IDEA 2023.1.2\bin\breakgen64.dll
Event: 0.346 Loaded shared library E:\Java20\bin\jimage.dll
Event: 0.361 Loaded shared library E:\Java20\bin\extnet.dll
Event: 0.391 Loaded shared library E:\Java20\bin\management.dll
Event: 0.420 Loaded shared library E:\Java20\bin\management_ext.dll
Event: 4.348 Loaded shared library E:\Java20\bin\sunmscapi.dll
Event: 165.308 Loaded shared library E:\Java20\bin\verify.dll

Deoptimization events (14 events):
Event: 0.610 Thread 0x0000029dbfd4b000 DEOPT PACKING pc=0x0000029dc815ef5d sp=0x000000c5915fd090
Event: 0.610 Thread 0x0000029dbfd4b000 DEOPT UNPACKING pc=0x0000029dc7e6a4c2 sp=0x000000c5915fc540 mode 3
Event: 0.617 Thread 0x0000029dbfd4b000 DEOPT PACKING pc=0x0000029dc81ff360 sp=0x000000c5915fd060
Event: 0.617 Thread 0x0000029dbfd4b000 DEOPT UNPACKING pc=0x0000029dc7e6a4c2 sp=0x000000c5915fc518 mode 3
Event: 2.144 Thread 0x0000029dbfd4b000 DEOPT PACKING pc=0x0000029dc8420261 sp=0x000000c5915fd370
Event: 2.144 Thread 0x0000029dbfd4b000 DEOPT UNPACKING pc=0x0000029dc7e6a4c2 sp=0x000000c5915fc850 mode 3
Event: 4.217 Thread 0x0000029dbfd4b000 DEOPT PACKING pc=0x0000029dc86a73f5 sp=0x000000c5915fd1a0
Event: 4.217 Thread 0x0000029dbfd4b000 DEOPT UNPACKING pc=0x0000029dc7e6a4c2 sp=0x000000c5915fc708 mode 3
Event: 4.863 Thread 0x0000029dbfd4b000 DEOPT PACKING pc=0x0000029dc871f04c sp=0x000000c5915fa660
Event: 4.863 Thread 0x0000029dbfd4b000 DEOPT UNPACKING pc=0x0000029dc7e6a4c2 sp=0x000000c5915f9bb8 mode 0
Event: 4.968 Thread 0x0000029dd3c71760 DEOPT PACKING pc=0x0000029dc83f78ec sp=0x000000c5923fee90
Event: 4.968 Thread 0x0000029dd3c71760 DEOPT UNPACKING pc=0x0000029dc7e6a4c2 sp=0x000000c5923fe3d8 mode 0
Event: 4.983 Thread 0x0000029dd8b05640 DEOPT PACKING pc=0x0000029dc8290ba4 sp=0x000000c5931feaf0
Event: 4.983 Thread 0x0000029dd8b05640 DEOPT UNPACKING pc=0x0000029dc7e6a4c2 sp=0x000000c5931fe030 mode 0

Classes loaded (20 events):
Event: 167.120 Loading class sun/text/resources/FormatData_en
Event: 167.120 Loading class sun/text/resources/FormatData_en done
Event: 167.120 Loading class sun/text/resources/FormatData_en_US
Event: 167.120 Loading class sun/text/resources/FormatData_en_US done
Event: 167.120 Loading class sun/util/resources/LocaleData$2
Event: 167.121 Loading class sun/util/resources/LocaleData$2 done
Event: 167.121 Loading class sun/util/resources/LocaleData$SupplementaryStrategy
Event: 167.121 Loading class sun/util/resources/LocaleData$SupplementaryStrategy done
Event: 167.121 Loading class sun/text/resources/JavaTimeSupplementary
Event: 167.121 Loading class sun/text/resources/JavaTimeSupplementary done
Event: 167.122 Loading class sun/text/resources/JavaTimeSupplementary_en
Event: 167.122 Loading class sun/text/resources/JavaTimeSupplementary_en done
Event: 167.122 Loading class sun/text/resources/JavaTimeSupplementary_en_US
Event: 167.122 Loading class sun/text/resources/JavaTimeSupplementary_en_US done
Event: 167.122 Loading class sun/util/resources/ParallelListResourceBundle$KeySet
Event: 167.123 Loading class sun/util/resources/ParallelListResourceBundle$KeySet done
Event: 167.124 Loading class sun/util/locale/provider/CalendarDataUtility$CalendarFieldValueNameGetter
Event: 167.124 Loading class sun/util/locale/provider/CalendarDataUtility$CalendarFieldValueNameGetter done
Event: 196.569 Loading class java/util/ArrayList$SubList$2
Event: 196.569 Loading class java/util/ArrayList$SubList$2 done

Classes unloaded (20 events):
Event: 165.683 Thread 0x0000029dd3c86930 Unloading class 0x00000008010c2000 'java/lang/invoke/LambdaForm$MH+0x00000008010c2000'
Event: 165.683 Thread 0x0000029dd3c86930 Unloading class 0x00000008010c1800 'jdk/internal/reflect/GeneratedSerializationConstructorAccessor3'
Event: 165.683 Thread 0x0000029dd3c86930 Unloading class 0x00000008010c1400 'jdk/internal/reflect/GeneratedSerializationConstructorAccessor2'
Event: 165.683 Thread 0x0000029dd3c86930 Unloading class 0x00000008010c1000 'jdk/internal/reflect/GeneratedSerializationConstructorAccessor1'
Event: 165.683 Thread 0x0000029dd3c86930 Unloading class 0x00000008010c0000 'java/lang/invoke/LambdaForm$DMH+0x00000008010c0000'
Event: 165.683 Thread 0x0000029dd3c86930 Unloading class 0x000000080100c400 'java/lang/invoke/LambdaForm$DMH+0x000000080100c400'
Event: 165.683 Thread 0x0000029dd3c86930 Unloading class 0x000000080100bc00 'java/lang/invoke/LambdaForm$MH+0x000000080100bc00'
Event: 165.683 Thread 0x0000029dd3c86930 Unloading class 0x000000080100b800 'java/lang/invoke/LambdaForm$DMH+0x000000080100b800'
Event: 165.683 Thread 0x0000029dd3c86930 Unloading class 0x000000080100b400 'java/lang/invoke/LambdaForm$DMH+0x000000080100b400'
Event: 165.683 Thread 0x0000029dd3c86930 Unloading class 0x0000000801009c00 'java/lang/invoke/LambdaForm$MH+0x0000000801009c00'
Event: 165.683 Thread 0x0000029dd3c86930 Unloading class 0x0000000801006c00 'java/lang/invoke/LambdaForm$MH+0x0000000801006c00'
Event: 165.683 Thread 0x0000029dd3c86930 Unloading class 0x0000000801006800 'java/lang/invoke/LambdaForm$MH+0x0000000801006800'
Event: 165.683 Thread 0x0000029dd3c86930 Unloading class 0x0000000801006000 'java/lang/invoke/LambdaForm$MH+0x0000000801006000'
Event: 165.683 Thread 0x0000029dd3c86930 Unloading class 0x0000000801005800 'java/lang/invoke/LambdaForm$MH+0x0000000801005800'
Event: 165.683 Thread 0x0000029dd3c86930 Unloading class 0x0000000801005000 'java/lang/invoke/LambdaForm$MH+0x0000000801005000'
Event: 165.683 Thread 0x0000029dd3c86930 Unloading class 0x0000000801004800 'java/lang/invoke/LambdaForm$MH+0x0000000801004800'
Event: 165.683 Thread 0x0000029dd3c86930 Unloading class 0x0000000801002400 'java/lang/invoke/LambdaForm$MH+0x0000000801002400'
Event: 165.683 Thread 0x0000029dd3c86930 Unloading class 0x0000000801002000 'java/lang/invoke/LambdaForm$MH+0x0000000801002000'
Event: 165.683 Thread 0x0000029dd3c86930 Unloading class 0x0000000801001c00 'java/lang/invoke/LambdaForm$MH+0x0000000801001c00'
Event: 165.683 Thread 0x0000029dd3c86930 Unloading class 0x0000000801001400 'java/lang/invoke/LambdaForm$MH+0x0000000801001400'

Classes redefined (0 events):
No events

Internal exceptions (20 events):
Event: 5.389 Thread 0x0000029dbfd4b000 Exception <a 'java/lang/NoSuchMethodError'{0x0000000703845e00}: 'void java.lang.invoke.DirectMethodHandle$Holder.invokeStaticInit(java.lang.Object, java.lang.Object, java.lang.Object, java.lang.Object)'> (0x0000000703845e00) 
thrown [s\open\src\hotspot\share\interpreter\linkResolver.cpp, line 773]
Event: 5.534 Thread 0x0000029dbfd4b000 Exception <a 'java/lang/NoSuchMethodError'{0x0000000702ffc150}: 'java.lang.Object java.lang.invoke.DirectMethodHandle$Holder.newInvokeSpecial(java.lang.Object, java.lang.Object, java.lang.Object, java.lang.Object, java.lang.Object, java.lang.Object, java.lang.Object, java.lang.Object)'> (0x0000000702ffc150) 
thrown [s\open\src\hotspot\share\interpreter\linkResolver.cpp, line 773]
Event: 5.574 Thread 0x0000029dbfd4b000 Exception <a 'sun/nio/fs/WindowsException'{0x0000000702da9ec0}> (0x0000000702da9ec0) 
thrown [s\open\src\hotspot\share\prims\jni.cpp, line 519]
Event: 5.871 Thread 0x0000029dbfd4b000 Exception <a 'java/lang/IncompatibleClassChangeError'{0x000000070d7dca68}: Found class java.lang.Object, but interface was expected> (0x000000070d7dca68) 
thrown [s\open\src\hotspot\share\interpreter\linkResolver.cpp, line 840]
Event: 5.932 Thread 0x0000029dbfd4b000 Exception <a 'java/lang/NoSuchMethodError'{0x0000000703eaa810}: 'java.lang.Object java.lang.invoke.DirectMethodHandle$Holder.invokeInterface(java.lang.Object, java.lang.Object, java.lang.Object, java.lang.Object)'> (0x0000000703eaa810) 
thrown [s\open\src\hotspot\share\interpreter\linkResolver.cpp, line 773]
Event: 5.973 Thread 0x0000029dbfd4b000 Exception <a 'java/lang/NoSuchMethodError'{0x0000000703c21f60}: 'void java.lang.invoke.DirectMethodHandle$Holder.invokeVirtual(java.lang.Object, java.lang.Object, long)'> (0x0000000703c21f60) 
thrown [s\open\src\hotspot\share\interpreter\linkResolver.cpp, line 773]
Event: 6.041 Thread 0x0000029dbfd4b000 Exception <a 'java/lang/NoSuchMethodError'{0x0000000703b318f8}: 'int java.lang.invoke.DirectMethodHandle$Holder.invokeStaticInit(java.lang.Object, java.lang.Object, java.lang.Object, java.lang.Object)'> (0x0000000703b318f8) 
thrown [s\open\src\hotspot\share\interpreter\linkResolver.cpp, line 773]
Event: 6.087 Thread 0x0000029dbfd4b000 Exception <a 'java/lang/IncompatibleClassChangeError'{0x000000070391fad0}: Found class java.lang.Object, but interface was expected> (0x000000070391fad0) 
thrown [s\open\src\hotspot\share\interpreter\linkResolver.cpp, line 840]
Event: 6.122 Thread 0x0000029dbfd4b000 Exception <a 'java/lang/NoSuchMethodError'{0x00000007036064e8}: 'java.lang.Object java.lang.invoke.DirectMethodHandle$Holder.newInvokeSpecial(java.lang.Object, java.lang.Object, int, java.lang.Object, java.lang.Object)'> (0x00000007036064e8) 
thrown [s\open\src\hotspot\share\interpreter\linkResolver.cpp, line 773]
Event: 6.122 Thread 0x0000029dbfd4b000 Exception <a 'java/lang/NoSuchMethodError'{0x0000000703611398}: 'java.lang.Object java.lang.invoke.DirectMethodHandle$Holder.invokeSpecial(java.lang.Object, java.lang.Object, int, java.lang.Object, int, java.lang.Object)'> (0x0000000703611398) 
thrown [s\open\src\hotspot\share\interpreter\linkResolver.cpp, line 773]
Event: 6.123 Thread 0x0000029dbfd4b000 Exception <a 'java/lang/NoSuchMethodError'{0x0000000703618eb8}: 'java.lang.Object java.lang.invoke.DirectMethodHandle$Holder.newInvokeSpecial(java.lang.Object, java.lang.Object, int, java.lang.Object, int)'> (0x0000000703618eb8) 
thrown [s\open\src\hotspot\share\interpreter\linkResolver.cpp, line 773]
Event: 6.123 Thread 0x0000029dbfd4b000 Exception <a 'java/lang/NoSuchMethodError'{0x000000070361cd28}: 'java.lang.Object java.lang.invoke.DirectMethodHandle$Holder.invokeSpecial(java.lang.Object, java.lang.Object, java.lang.Object, int, java.lang.Object, int)'> (0x000000070361cd28) 
thrown [s\open\src\hotspot\share\interpreter\linkResolver.cpp, line 773]
Event: 6.536 Thread 0x0000029dd9d17b00 Exception <a 'java/lang/NoSuchMethodError'{0x00000007034248c8}: 'java.lang.Object java.lang.invoke.DirectMethodHandle$Holder.invokeInterface(java.lang.Object, java.lang.Object, java.lang.Object, java.lang.Object, java.lang.Object, java.lang.Object, java.lang.Object)'> (0x00000007034248c8) 
thrown [s\open\src\hotspot\share\interpreter\linkResolver.cpp, line 773]
Event: 6.883 Thread 0x0000029dd9d1b020 Exception <a 'java/lang/NoSuchMethodError'{0x00000007035edb88}: 'java.lang.Object java.lang.invoke.DirectMethodHandle$Holder.invokeSpecial(java.lang.Object, java.lang.Object, java.lang.Object, java.lang.Object, java.lang.Object, long)'> (0x00000007035edb88) 
thrown [s\open\src\hotspot\share\interpreter\linkResolver.cpp, line 773]
Event: 6.883 Thread 0x0000029dd9d1b020 Exception <a 'java/lang/NoSuchMethodError'{0x00000007035f1348}: 'java.lang.Object java.lang.invoke.Invokers$Holder.linkToTargetMethod(java.lang.Object, java.lang.Object, java.lang.Object, long, java.lang.Object)'> (0x00000007035f1348) 
thrown [s\open\src\hotspot\share\interpreter\linkResolver.cpp, line 773]
Event: 64.632 Thread 0x0000029dd9a32b10 Exception <a 'java/lang/NoSuchMethodError'{0x000000070da93e68}: 'java.lang.Object java.lang.invoke.DirectMethodHandle$Holder.newInvokeSpecial(java.lang.Object, java.lang.Object, long)'> (0x000000070da93e68) 
thrown [s\open\src\hotspot\share\interpreter\linkResolver.cpp, line 773]
Event: 161.708 Thread 0x0000029dd9d1cab0 Exception <a 'java/lang/NoSuchMethodError'{0x000000070daf3620}: 'java.lang.Object java.lang.invoke.DirectMethodHandle$Holder.invokeStaticInit(java.lang.Object, int)'> (0x000000070daf3620) 
thrown [s\open\src\hotspot\share\interpreter\linkResolver.cpp, line 773]
Event: 165.177 Thread 0x0000029dd9d15080 Exception <a 'java/lang/NoSuchMethodError'{0x0000000703ca14a0}: 'int java.lang.invoke.DirectMethodHandle$Holder.invokeStatic(java.lang.Object, int, java.lang.Object)'> (0x0000000703ca14a0) 
thrown [s\open\src\hotspot\share\interpreter\linkResolver.cpp, line 773]
Event: 165.592 Thread 0x0000029dd9d15080 Exception <a 'java/lang/NoSuchMethodError'{0x0000000703de3768}: 'java.lang.Object java.lang.invoke.DirectMethodHandle$Holder.invokeInterface(java.lang.Object, java.lang.Object, int)'> (0x0000000703de3768) 
thrown [s\open\src\hotspot\share\interpreter\linkResolver.cpp, line 773]
Event: 196.568 Thread 0x0000029dd9d1cab0 Exception <a 'java/lang/NoSuchMethodError'{0x000000070d9e98d8}: 'java.lang.Object java.lang.invoke.DirectMethodHandle$Holder.invokeStatic(java.lang.Object, int, int)'> (0x000000070d9e98d8) 
thrown [s\open\src\hotspot\share\interpreter\linkResolver.cpp, line 773]

VM Operations (20 events):
Event: 184.101 Executing VM operation: Cleanup done
Event: 188.138 Executing VM operation: Cleanup
Event: 188.138 Executing VM operation: Cleanup done
Event: 190.156 Executing VM operation: Cleanup
Event: 190.156 Executing VM operation: Cleanup done
Event: 191.161 Executing VM operation: Cleanup
Event: 191.161 Executing VM operation: Cleanup done
Event: 192.167 Executing VM operation: Cleanup
Event: 192.167 Executing VM operation: Cleanup done
Event: 195.200 Executing VM operation: Cleanup
Event: 195.200 Executing VM operation: Cleanup done
Event: 197.226 Executing VM operation: Cleanup
Event: 197.226 Executing VM operation: Cleanup done
Event: 200.721 Executing VM operation: G1CollectForAllocation
Event: 200.727 Executing VM operation: G1CollectForAllocation done
Event: 200.733 Executing VM operation: G1CollectForAllocation
Event: 200.736 Executing VM operation: G1CollectForAllocation done
Event: 200.739 Executing VM operation: G1CollectForAllocation
Event: 200.742 Executing VM operation: G1CollectForAllocation done
Event: 200.745 Executing VM operation: G1CollectForAllocation

Events (20 events):
Event: 165.688 Thread 0x0000029dd3c86930 flushing nmethod 0x0000029dc8294c10
Event: 165.689 Thread 0x0000029dd3c86930 flushing nmethod 0x0000029dc827bb90
Event: 165.689 Thread 0x0000029dd3c86930 flushing nmethod 0x0000029dc827a410
Event: 165.689 Thread 0x0000029dd3c86930 flushing nmethod 0x0000029dc8246a10
Event: 165.689 Thread 0x0000029dd3c86930 flushing nmethod 0x0000029dc8205810
Event: 165.689 Thread 0x0000029dd3c86930 flushing nmethod 0x0000029dc8200310
Event: 165.689 Thread 0x0000029dd3c86930 flushing nmethod 0x0000029dc802b610
Event: 165.689 Thread 0x0000029dd3c86930 flushing nmethod 0x0000029dc8053910
Event: 165.689 Thread 0x0000029dd3c86930 flushing nmethod 0x0000029dc8015710
Event: 167.128 Thread 0x0000029dd82eff80 Thread added: 0x0000029dd82eff80
Event: 173.007 Thread 0x0000029dd82eff80 Thread exited: 0x0000029dd82eff80
Event: 174.898 Thread 0x0000029dd87e2ff0 Thread added: 0x0000029dd87e2ff0
Event: 174.898 Thread 0x0000029dd87e3580 Thread added: 0x0000029dd87e3580
Event: 176.990 Thread 0x0000029dd87e3580 Thread exited: 0x0000029dd87e3580
Event: 176.991 Thread 0x0000029dd87e2ff0 Thread exited: 0x0000029dd87e2ff0
Event: 179.582 Thread 0x0000029dd9230120 Thread added: 0x0000029dd9230120
Event: 180.223 Thread 0x0000029dd9230120 Thread exited: 0x0000029dd9230120
Event: 180.225 Thread 0x0000029dd9230120 Thread added: 0x0000029dd9230120
Event: 180.230 Thread 0x0000029dd9d17b00 Thread added: 0x0000029dd9d17b00
Event: 189.289 Thread 0x0000029dd9230120 Thread exited: 0x0000029dd9230120


Dynamic libraries:
0x00007ff7c3980000 - 0x00007ff7c398e000 	E:\Java20\bin\java.exe
0x00007ffb14ab0000 - 0x00007ffb14ca8000 	C:\Windows\SYSTEM32\ntdll.dll
0x00007ffb14120000 - 0x00007ffb141df000 	C:\Windows\System32\KERNEL32.DLL
0x00007ffb126c0000 - 0x00007ffb129b6000 	C:\Windows\System32\KERNELBASE.dll
0x00007ffb129c0000 - 0x00007ffb12ac0000 	C:\Windows\System32\ucrtbase.dll
0x00007ffb0a330000 - 0x00007ffb0a347000 	E:\Java20\bin\jli.dll
0x00007ffb0a6d0000 - 0x00007ffb0a6eb000 	E:\Java20\bin\VCRUNTIME140.dll
0x00007ffb13a70000 - 0x00007ffb13c0d000 	C:\Windows\System32\USER32.dll
0x00007ffb12190000 - 0x00007ffb121b2000 	C:\Windows\System32\win32u.dll
0x00007ffb050e0000 - 0x00007ffb0537a000 	C:\Windows\WinSxS\amd64_microsoft.windows.common-controls_6595b64144ccf1df_6.0.19041.1110_none_60b5254171f9507e\COMCTL32.dll
0x00007ffb13f70000 - 0x00007ffb13f9c000 	C:\Windows\System32\GDI32.dll
0x00007ffb13890000 - 0x00007ffb1392e000 	C:\Windows\System32\msvcrt.dll
0x00007ffb12450000 - 0x00007ffb12565000 	C:\Windows\System32\gdi32full.dll
0x00007ffb121c0000 - 0x00007ffb1225d000 	C:\Windows\System32\msvcp_win.dll
0x00007ffb13450000 - 0x00007ffb13480000 	C:\Windows\System32\IMM32.DLL
0x00007ffb0a7d0000 - 0x00007ffb0a7dc000 	E:\Java20\bin\vcruntime140_1.dll
0x00007ffaec270000 - 0x00007ffaec2fe000 	E:\Java20\bin\msvcp140.dll
0x00007ffad7eb0000 - 0x00007ffad8b47000 	E:\Java20\bin\server\jvm.dll
0x00007ffb13df0000 - 0x00007ffb13e9f000 	C:\Windows\System32\ADVAPI32.dll
0x00007ffb13190000 - 0x00007ffb1322c000 	C:\Windows\System32\sechost.dll
0x00007ffb141e0000 - 0x00007ffb14306000 	C:\Windows\System32\RPCRT4.dll
0x00007ffb0dd00000 - 0x00007ffb0dd09000 	C:\Windows\SYSTEM32\WSOCK32.dll
0x00007ffb061e0000 - 0x00007ffb06207000 	C:\Windows\SYSTEM32\WINMM.dll
0x00007ffb07bf0000 - 0x00007ffb07bfa000 	C:\Windows\SYSTEM32\VERSION.dll
0x00007ffb13d80000 - 0x00007ffb13deb000 	C:\Windows\System32\WS2_32.dll
0x00007ffb10020000 - 0x00007ffb10032000 	C:\Windows\SYSTEM32\kernel.appcore.dll
0x00007ffb0a3b0000 - 0x00007ffb0a3ba000 	E:\Java20\bin\jimage.dll
0x00007ffb06a10000 - 0x00007ffb06bf4000 	C:\Windows\SYSTEM32\DBGHELP.DLL
0x00007ffaffa10000 - 0x00007ffaffa44000 	C:\Windows\SYSTEM32\dbgcore.DLL
0x00007ffb12260000 - 0x00007ffb122e2000 	C:\Windows\System32\bcryptPrimitives.dll
0x00007ffb0f920000 - 0x00007ffb0f92e000 	E:\Java20\bin\instrument.dll
0x00007ffb03ba0000 - 0x00007ffb03bc6000 	E:\Java20\bin\java.dll
0x00007ffae7ad0000 - 0x00007ffae7ba7000 	E:\Java20\bin\jsvml.dll
0x00007ffb14320000 - 0x00007ffb14a64000 	C:\Windows\System32\SHELL32.dll
0x00007ffb10220000 - 0x00007ffb109b3000 	C:\Windows\SYSTEM32\windows.storage.dll
0x00007ffb13510000 - 0x00007ffb13864000 	C:\Windows\System32\combase.dll
0x00007ffb11b00000 - 0x00007ffb11b2e000 	C:\Windows\SYSTEM32\Wldp.dll
0x00007ffb13c10000 - 0x00007ffb13cbd000 	C:\Windows\System32\SHCORE.dll
0x00007ffb13290000 - 0x00007ffb132e5000 	C:\Windows\System32\shlwapi.dll
0x00007ffb120d0000 - 0x00007ffb120ef000 	C:\Windows\SYSTEM32\profapi.dll
0x00007ffb03a80000 - 0x00007ffb03a98000 	E:\Java20\bin\zip.dll
0x00007ffb07bd0000 - 0x00007ffb07be3000 	E:\Java20\bin\net.dll
0x00007ffb0cba0000 - 0x00007ffb0ccaa000 	C:\Windows\SYSTEM32\WINHTTP.dll
0x00007ffb118e0000 - 0x00007ffb1194a000 	C:\Windows\system32\mswsock.dll
0x00007ffb03ae0000 - 0x00007ffb03af6000 	E:\Java20\bin\nio.dll
0x00007ffb0f900000 - 0x00007ffb0f91a000 	E:\Program Files\JetBrains\IntelliJ IDEA 2023.1.2\bin\breakgen64.dll
0x00007ffb0a320000 - 0x00007ffb0a327000 	E:\Java20\bin\extnet.dll
0x00007ffb115f0000 - 0x00007ffb116ba000 	C:\Windows\SYSTEM32\DNSAPI.dll
0x00007ffb115a0000 - 0x00007ffb115dc000 	C:\Windows\SYSTEM32\IPHLPAPI.DLL
0x00007ffb13930000 - 0x00007ffb13938000 	C:\Windows\System32\NSI.dll
0x00007ffb08ae0000 - 0x00007ffb08aea000 	C:\Windows\System32\rasadhlp.dll
0x00007ffb08500000 - 0x00007ffb08582000 	C:\Windows\System32\fwpuclnt.dll
0x00007ffb125e0000 - 0x00007ffb12607000 	C:\Windows\System32\bcrypt.dll
0x00007ffb0f8d0000 - 0x00007ffb0f8da000 	E:\Java20\bin\management.dll
0x00007ffb0de10000 - 0x00007ffb0de1b000 	E:\Java20\bin\management_ext.dll
0x00007ffb14310000 - 0x00007ffb14318000 	C:\Windows\System32\PSAPI.DLL
0x00007ffb11b40000 - 0x00007ffb11b58000 	C:\Windows\SYSTEM32\CRYPTSP.dll
0x00007ffb111b0000 - 0x00007ffb111e4000 	C:\Windows\system32\rsaenh.dll
0x00007ffb12050000 - 0x00007ffb1207e000 	C:\Windows\SYSTEM32\USERENV.dll
0x00007ffb11a70000 - 0x00007ffb11a7c000 	C:\Windows\SYSTEM32\CRYPTBASE.dll
0x00007ffb0bc70000 - 0x00007ffb0bc87000 	C:\Windows\SYSTEM32\dhcpcsvc6.DLL
0x00007ffb0ba40000 - 0x00007ffb0ba5d000 	C:\Windows\SYSTEM32\dhcpcsvc.DLL
0x00007ffadb340000 - 0x00007ffadb357000 	C:\Windows\system32\napinsp.dll
0x00007ffad57b0000 - 0x00007ffad57cb000 	C:\Windows\system32\pnrpnsp.dll
0x00007ffaed250000 - 0x00007ffaed265000 	C:\Windows\system32\wshbth.dll
0x00007ffb0dc80000 - 0x00007ffb0dc9d000 	C:\Windows\system32\NLAapi.dll
0x00007ffad4f40000 - 0x00007ffad4f52000 	C:\Windows\System32\winrnr.dll
0x00007ffb0de00000 - 0x00007ffb0de0e000 	E:\Java20\bin\sunmscapi.dll
0x00007ffb122f0000 - 0x00007ffb1244e000 	C:\Windows\System32\CRYPT32.dll
0x00007ffb11c50000 - 0x00007ffb11c78000 	C:\Windows\SYSTEM32\ncrypt.dll
0x00007ffb11c10000 - 0x00007ffb11c4b000 	C:\Windows\SYSTEM32\NTASN1.dll
0x00007ffb0ae00000 - 0x00007ffb0ae07000 	C:\Windows\system32\wshunix.dll
0x00007ffb03cf0000 - 0x00007ffb03d00000 	E:\Java20\bin\verify.dll

dbghelp: loaded successfully - version: 4.0.5 - missing functions: none
symbol engine: initialized successfully - sym options: 0x614 - pdb path: .;E:\Java20\bin;C:\Windows\SYSTEM32;C:\Windows\WinSxS\amd64_microsoft.windows.common-controls_6595b64144ccf1df_6.0.19041.1110_none_60b5254171f9507e;E:\Java20\bin\server;E:\Program Files\JetBrains\IntelliJ IDEA 2023.1.2\bin

VM Arguments:
jvm_args: -XX:TieredStopAtLevel=1 -Dspring.output.ansi.enabled=always -Dcom.sun.management.jmxremote -Dspring.jmx.enabled=true -Dspring.liveBeansView.mbeanDomain -Dspring.application.admin.enabled=true -Dmanagement.endpoints.jmx.exposure.include=* -javaagent:E:\Program Files\JetBrains\IntelliJ IDEA 2023.1.2\lib\idea_rt.jar=62555:E:\Program Files\JetBrains\IntelliJ IDEA 2023.1.2\bin -Dfile.encoding=UTF-8 -Dsun.stdout.encoding=UTF-8 -Dsun.stderr.encoding=UTF-8 
java_command: com.github.wekaito.backend.BackendApplication
java_class_path (initial): E:\java projects\digimon-tcg-capstone\backend\target\classes;C:\Users\myenn\.m2\repository\org\springframework\boot\spring-boot-starter-data-mongodb\3.1.2\spring-boot-starter-data-mongodb-3.1.2.jar;C:\Users\myenn\.m2\repository\org\springframework\boot\spring-boot-starter\3.1.2\spring-boot-starter-3.1.2.jar;C:\Users\myenn\.m2\repository\org\springframework\boot\spring-boot\3.1.2\spring-boot-3.1.2.jar;C:\Users\myenn\.m2\repository\org\springframework\boot\spring-boot-autoconfigure\3.1.2\spring-boot-autoconfigure-3.1.2.jar;C:\Users\myenn\.m2\repository\org\springframework\boot\spring-boot-starter-logging\3.1.2\spring-boot-starter-logging-3.1.2.jar;C:\Users\myenn\.m2\repository\ch\qos\logback\logback-classic\1.4.8\logback-classic-1.4.8.jar;C:\Users\myenn\.m2\repository\ch\qos\logback\logback-core\1.4.8\logback-core-1.4.8.jar;C:\Users\myenn\.m2\repository\org\apache\logging\log4j\log4j-to-slf4j\2.20.0\log4j-to-slf4j-2.20.0.jar;C:\Users\myenn\.m2\repository\org\apache\logging\log4j\log4j-api\2.20.0\log4j-api-2.20.0.jar;C:\Users\myenn\.m2\repository\org\slf4j\jul-to-slf4j\2.0.7\jul-to-slf4j-2.0.7.jar;C:\Users\myenn\.m2\repository\jakarta\annotation\jakarta.annotation-api\2.1.1\jakarta.annotation-api-2.1.1.jar;C:\Users\myenn\.m2\repository\org\yaml\snakeyaml\1.33\snakeyaml-1.33.jar;C:\Users\myenn\.m2\repository\org\mongodb\mongodb-driver-sync\4.9.1\mongodb-driver-sync-4.9.1.jar;C:\Users\myenn\.m2\repository\org\mongodb\bson\4.9.1\bson-4.9.1.jar;C:\Users\myenn\.m2\repository\org\mongodb\mongodb-driver-core\4.9.1\mongodb-driver-core-4.9.1.jar;C:\Users\myenn\.m2\repository\org\mongodb\bson-record-codec\4.9.1\bson-record-codec-4.9.1.jar;C:\Users\myenn\.m2\repository\org\springframework\data\spring-data-mongodb\4.1.2\spring-data-mongodb-4.1.2.jar;C:\Users\myenn\.m2\repository\org\springframework\spring-tx\6.0.11\spring-tx-6.0.11.jar;C:\Users\myenn\.m2\repository\org\springframework\spring-context\6.0.11\spring-context-6.0.11.jar;C:\Users\myenn\.m2\repository\org\springframework\spring-beans\6.0.11\spring-beans-6.0.11.jar;C:\Users\myenn\.m2\repository\org\springframework\spring-expression\6.0.11\spring-expression-6.0.11.jar;C:\Users\myenn\.m2\repository\org\springframework\data\spring-data-commons\3.1.2\spring-data-commons-3.1.2.jar;C:\Users\myenn\.m2\repository\org\slf4j\slf4j-api\2.0.7\slf4j-api-2.0.7.jar;C:\Users\myenn\.m2\repository\org\springframework\boot\spring-boot-starter-web\3.1.2\spring-boot-starter-web-3.1.2.jar;C:\Users\myenn\.m2\repository\org\springframework\boot\spring-boot-starter-json\3.1.2\spring-boot-starter-json-3.1.2.jar;C:\Users\myenn\.m2\repository\com\fasterxml\jackson\core\jackson-databind\2.15.2\jackson-databind-2.15.2.jar;C:\Users\myenn\.m2\repository\com\fasterxml\jackson\core\jackson-annotations\2.15.2\jackson-annotations-2.15.2.jar;C:\Users\myenn\.m2\repository\com\fasterxml\jackson\core\jackson-core\2.15.2\jackson-core-2.15.2.jar;C:\Users\myenn\.m2\repository\com\fasterxml\jackson\datatype\jackson-datatype-jdk8\2.15.2\jackson-datatype-jdk8-2.15.2.jar;C:\Users\myenn\.m2\repository\com\fasterxml\jackson\datatype\jackson-datatype-jsr310\2.15.2\jackson-datatype-jsr310-2.15.2.jar;C:\Users\myenn\.m2\repository\com\fasterxml\jackson\module\jackson-module-parameter-names\2.15.2\jackson-module-parameter-names-2.15.2.jar;C:\Users\myenn\.m2\repository\org\springframework\boot\spring-boot-starter-tomcat\3.1.2\spring-boot-starter-tomcat-3.1.2.jar;C:\Users\myenn\.m2\repository\org\apache\tomcat\embed\tomcat-embed-core\10.1.11\tomcat-embed-core-10.1.11.jar;C:\Users\myenn\.m2\repository\org\apache\tomcat\embed\tomcat-embed-websocket\10.1.11\tomcat-embed-websocket-10.1.11.jar;C:\Users\myenn\.m2\repository\org\springframework\spring-web\6.0.11\spring-web-6.0.11.jar;C:\Users\myenn\.m2\repository\io\micrometer\micrometer-observation\1.11.2\micrometer-observation-1.11.2.jar;C:\Users\myenn\.m2\repository\io\micrometer\micrometer-commons\1.11.2\micrometer-commons-1.11.2.jar;C:\Users\myenn\.m2\repository\org\springframework\spring-webmvc\6.0.11\spring-webmvc-6.0.11.jar;C:\Users\myenn\.m2\repository\org\springframework\boot\spring-boot-starter-webflux\3.1.2\spring-boot-starter-webflux-3.1.2.jar;C:\Users\myenn\.m2\repository\org\springframework\boot\spring-boot-starter-reactor-netty\3.1.2\spring-boot-starter-reactor-netty-3.1.2.jar;C:\Users\myenn\.m2\repository\io\projectreactor\netty\reactor-netty-http\1.1.9\reactor-netty-http-1.1.9.jar;C:\Users\myenn\.m2\repository\io\netty\netty-codec-http\4.1.94.Final\netty-codec-http-4.1.94.Final.jar;C:\Users\myenn\.m2\repository\io\netty\netty-common\4.1.94.Final\netty-common-4.1.94.Final.jar;C:\Users\myenn\.m2\repository\io\netty\netty-buffer\4.1.94.Final\netty-buffer-4.1.94.Final.jar;C:\Users\myenn\.m2\repository\io\netty\netty-transport\4.1.94.Final\netty-transport-4.1.94.Final.jar;C:\Users\myenn\.m2\repository\io\netty\netty-codec\4.1.94.Final\netty-codec-4.1.94.Final.jar;C:\Users\myenn\.m2\repository\io\netty\netty-handler\4.1.94.Final\netty-handler-4.1.94.Final.jar;C:\Users\myenn\.m2\repository\io\netty\netty-codec-http2\4.1.94.Final\netty-codec-http2-4.1.94.Final.jar;C:\Users\myenn\.m2\repository\io\netty\netty-resolver-dns\4.1.94.Final\netty-resolver-dns-4.1.94.Final.jar;C:\Users\myenn\.m2\repository\io\netty\netty-resolver\4.1.94.Final\netty-resolver-4.1.94.Final.jar;C:\Users\myenn\.m2\repository\io\netty\netty-codec-dns\4.1.94.Final\netty-codec-dns-4.1.94.Final.jar;C:\Users\myenn\.m2\repository\io\netty\netty-resolver-dns-native-macos\4.1.94.Final\netty-resolver-dns-native-macos-4.1.94.Final-osx-x86_64.jar;C:\Users\myenn\.m2\repository\io\netty\netty-resolver-dns-classes-macos\4.1.94.Final\netty-resolver-dns-classes-macos-4.1.94.Final.jar;C:\Users\myenn\.m2\repository\io\netty\netty-transport-native-epoll\4.1.94.Final\netty-transport-native-epoll-4.1.94.Final-linux-x86_64.jar;C:\Users\myenn\.m2\repository\io\netty\netty-transport-native-unix-common\4.1.94.Final\netty-transport-native-unix-common-4.1.94.Final.jar;C:\Users\myenn\.m2\repository\io\netty\netty-transport-classes-epoll\4.1.94.Final\netty-transport-classes-epoll-4.1.94.Final.jar;C:\Users\myenn\.m2\repository\io\projectreactor\netty\reactor-netty-core\1.1.9\reactor-netty-core-1.1.9.jar;C:\Users\myenn\.m2\repository\io\netty\netty-handler-proxy\4.1.94.Final\netty-handler-proxy-4.1.94.Final.jar;C:\Users\myenn\.m2\repository\io\netty\netty-codec-socks\4.1.94.Final\netty-codec-socks-4.1.94.Final.jar;C:\Users\myenn\.m2\repository\org\springframework\spring-webflux\6.0.11\spring-webflux-6.0.11.jar;C:\Users\myenn\.m2\repository\org\projectlombok\lombok\1.18.28\lombok-1.18.28.jar;C:\Users\myenn\.m2\repository\org\springframework\spring-core\6.0.11\spring-core-6.0.11.jar;C:\Users\myenn\.m2\repository\org\springframework\spring-jcl\6.0.11\spring-jcl-6.0.11.jar;C:\Users\myenn\.m2\repository\io\projectreactor\reactor-core\3.5.8\reactor-core-3.5.8.jar;C:\Users\myenn\.m2\repository\org\reactivestreams\reactive-streams\1.0.4\reactive-streams-1.0.4.jar;C:\Users\myenn\.m2\repository\org\apache\commons\commons-lang3\3.12.0\commons-lang3-3.12.0.jar;C:\Users\myenn\.m2\repository\org\springframework\boot\spring-boot-starter-security\3.1.2\spring-boot-starter-security-3.1.2.jar;C:\Users\myenn\.m2\repository\org\springframework\spring-aop\6.0.11\spring-aop-6.0.11.jar;C:\Users\myenn\.m2\repository\org\springframework\security\spring-security-config\6.1.2\spring-security-config-6.1.2.jar;C:\Users\myenn\.m2\repository\org\springframework\security\spring-security-web\6.1.2\spring-security-web-6.1.2.jar;C:\Users\myenn\.m2\repository\org\bouncycastle\bcprov-jdk15on\1.70\bcprov-jdk15on-1.70.jar;C:\Users\myenn\.m2\repository\org\springframework\security\spring-security-core\6.1.2\spring-security-core-6.1.2.jar;C:\Users\myenn\.m2\repository\org\springframework\security\spring-security-crypto\6.1.2\spring-security-crypto-6.1.2.jar;C:\Users\myenn\.m2\repository\org\springframework\boot\spring-boot-starter-validation\3.1.2\spring-boot-starter-validation-3.1.2.jar;C:\Users\myenn\.m2\repository\org\apache\tomcat\embed\tomcat-embed-el\10.1.11\tomcat-embed-el-10.1.11.jar;C:\Users\myenn\.m2\repository\org\hibernate\validator\hibernate-validator\8.0.1.Final\hibernate-validator-8.0.1.Final.jar;C:\Users\myenn\.m2\repository\jakarta\validation\jakarta.validation-api\3.0.2\jakarta.validation-api-3.0.2.jar;C:\Users\myenn\.m2\repository\org\jboss\logging\jboss-logging\3.5.3.Final\jboss-logging-3.5.3.Final.jar;C:\Users\myenn\.m2\repository\com\fasterxml\classmate\1.5.1\classmate-1.5.1.jar;C:\Users\myenn\.m2\repository\org\springframework\boot\spring-boot-starter-websocket\3.1.2\spring-boot-starter-websocket-3.1.2.jar;C:\Users\myenn\.m2\repository\org\springframework\spring-messaging\6.0.11\spring-messaging-6.0.11.jar;C:\Users\myenn\.m2\repository\org\springframework\spring-websocket\6.0.11\spring-websocket-6.0.11.jar
Launcher Type: SUN_STANDARD

[Global flags]
     intx CICompilerCount                          = 12                                        {product} {ergonomic}
     uint ConcGCThreads                            = 3                                         {product} {ergonomic}
     uint G1ConcRefinementThreads                  = 13                                        {product} {ergonomic}
   size_t G1HeapRegionSize                         = 2097152                                   {product} {ergonomic}
    uintx GCDrainStackTargetSize                   = 64                                        {product} {ergonomic}
   size_t InitialHeapSize                          = 268435456                                 {product} {ergonomic}
     bool ManagementServer                         = true                                      {product} {command line}
   size_t MarkStackSize                            = 4194304                                   {product} {ergonomic}
   size_t MaxHeapSize                              = 4282384384                                {product} {ergonomic}
   size_t MaxNewSize                               = 2569011200                                {product} {ergonomic}
   size_t MinHeapDeltaBytes                        = 2097152                                   {product} {ergonomic}
   size_t MinHeapSize                              = 8388608                                   {product} {ergonomic}
    uintx NonProfiledCodeHeapSize                  = 0                                      {pd product} {ergonomic}
     bool ProfileInterpreter                       = false                                  {pd product} {command line}
    uintx ProfiledCodeHeapSize                     = 0                                      {pd product} {ergonomic}
   size_t SoftMaxHeapSize                          = 4282384384                             {manageable} {ergonomic}
     intx TieredStopAtLevel                        = 1                                         {product} {command line}
     bool UseCompressedClassPointers               = true                           {product lp64_product} {ergonomic}
     bool UseCompressedOops                        = true                           {product lp64_product} {ergonomic}
     bool UseG1GC                                  = true                                      {product} {ergonomic}
     bool UseLargePagesIndividualAllocation        = false                                  {pd product} {ergonomic}

Logging:
Log output configuration:
 #0: stdout all=warning uptime,level,tags foldmultilines=false
 #1: stderr all=off uptime,level,tags foldmultilines=false

Environment Variables:
PATH=C:\Program Files (x86)\Common Files\Oracle\Java\javapath;C:\Windows\system32;C:\Windows;C:\Windows\System32\Wbem;C:\Windows\System32\WindowsPowerShell\v1.0\;C:\Windows\System32\OpenSSH\;E;C:\Program Files (x86)\NVIDIA Corporation\PhysX\Common;C:\Program Files\NVIDIA Corporation\NVIDIA NvDLISR;C:\Program Files\nodejs\;C:\Program Files\Git\cmd;C:\Program Files\Docker\Docker\resources\bin;C:\Users\myenn\AppData\Local\Programs\Python\Python310\Scripts\;C:\Users\myenn\AppData\Local\Programs\Python\Python310\;C:\Users\myenn\AppData\Local\Microsoft\WindowsApps;E;C:\Users\myenn\AppData\Roaming\npm
USERNAME=myenn
OS=Windows_NT
PROCESSOR_IDENTIFIER=AMD64 Family 23 Model 8 Stepping 2, AuthenticAMD
TMP=C:\Users\myenn\AppData\Local\Temp
TEMP=C:\Users\myenn\AppData\Local\Temp




---------------  S Y S T E M  ---------------

OS:
 Windows 10 , 64 bit Build 19041 (10.0.19041.3031)
OS uptime: 5 days 18:48 hours
Hyper-V role detected

CPU: total 16 (initial active 16) (16 cores per cpu, 2 threads per core) family 23 model 8 stepping 2 microcode 0x0, cx8, cmov, fxsr, ht, mmx, 3dnowpref, sse, sse2, sse3, ssse3, sse4a, sse4.1, sse4.2, popcnt, lzcnt, tsc, tscinvbit, avx, avx2, aes, clmul, bmi1, bmi2, adx, sha, fma, vzeroupper, clflush, clflushopt, hv, rdtscp, f16c

Memory: 4k page, system-wide physical 16333M (322M free)
TotalPageFile size 40306M (AvailPageFile size 151M)
current process WorkingSet (physical memory assigned to process): 302M, peak: 302M
current process commit charge ("private bytes"): 468M, peak: 718M

vm_info: OpenJDK 64-Bit Server VM (20.0.1+9-29) for windows-amd64 JRE (20.0.1+9-29), built on 2023-03-07T13:56:11Z by "mach5one" with MS VC++ 17.1 (VS2022)

END.
